Log file open, 05/20/15 12:12:21
LogInit:Display: Running engine for game: Project_Shadow
LogInit: Version: 4.7.6-2513093+++depot+UE4-Releases+4.7
LogInit: API Version: 2455222
LogInit: Compiled (64-bit): Apr 15 2015 12:09:54
LogInit: Compiled with Visual C++: 18.00.21005.01
LogInit: Build Configuration: Development
LogInit: Branch Name: ++depot+UE4-Releases+4.7
LogInit: Command line:  
LogInit: Base directory: C:/Program Files/Unreal Engine/4.7/Engine/Binaries/Win64/
LogInit: Rocket: 1
[2015.05.20-16.12.21:560][  0]LogTaskGraph: Started task graph with 3 named threads and 6 total threads.
[2015.05.20-16.12.21:612][  0]LogOnline:Warning: No default platform service specified for OnlineSubsystem
[2015.05.20-16.12.21:674][  0]LogInit: Presizing for 0 objects not considered by GC, pre-allocating 0 bytes.
[2015.05.20-16.12.21:682][  0]LogInit: Object subsystem initialized
[2015.05.20-16.12.21:684][  0]LogConsoleResponse:Warning: Skipping Unknown console variable: 'TranslucentSortAxis = (X=0.000000,Y=-1.000000,Z=0.000000)'
[2015.05.20-16.12.21:684][  0]LogConsoleResponse:Warning:   Found in ini file 'C:/Users/luisr_000/Documents/Unreal Projects/Project_Shadow/Saved/Config/Windows/Engine.ini', in section '[/Script/Engine.RendererSettings]'
[2015.05.20-16.12.21:684][  0]LogConsoleResponse:Warning: Skipping Unknown console variable: 'UIScaleRule = ShortestSide'
[2015.05.20-16.12.21:684][  0]LogConsoleResponse:Warning:   Found in ini file 'C:/Users/luisr_000/Documents/Unreal Projects/Project_Shadow/Saved/Config/Windows/Engine.ini', in section '[/Script/Engine.RendererSettings]'
[2015.05.20-16.12.21:684][  0]LogConsoleResponse:Warning: Skipping Unknown console variable: 'UIScaleCurve = (EditorCurveData=(Keys=),ExternalCurve=None)'
[2015.05.20-16.12.21:684][  0]LogConsoleResponse:Warning:   Found in ini file 'C:/Users/luisr_000/Documents/Unreal Projects/Project_Shadow/Saved/Config/Windows/Engine.ini', in section '[/Script/Engine.RendererSettings]'
[2015.05.20-16.12.21:684][  0]LogInit: Selected Device Profile: [Windows]
[2015.05.20-16.12.21:684][  0]LogInit: Applying CVar settings loaded from the selected device profile: [Windows]
[2015.05.20-16.12.21:695][  0]LogInit: Computer: LOU
[2015.05.20-16.12.21:695][  0]LogInit: User: LouIII
[2015.05.20-16.12.21:695][  0]LogInit: CPU Page size=4096, Cores=4
[2015.05.20-16.12.21:695][  0]LogInit: High frequency timer resolution =2.338338 MHz
[2015.05.20-16.12.21:695][  0]LogMemory: Memory total: Physical=15.9GB (16GB approx) Virtual=131072.0GB
[2015.05.20-16.12.21:695][  0]LogMemory: Platform Memory Stats for Windows
[2015.05.20-16.12.21:695][  0]LogMemory: Process Physical Memory: 46.56 MB used, 46.56 MB peak
[2015.05.20-16.12.21:695][  0]LogMemory: Process Virtual Memory: 26.79 MB used, 26.79 MB peak
[2015.05.20-16.12.21:695][  0]LogMemory: Physical Memory: 3388.41 MB used, 16303.71 MB total
[2015.05.20-16.12.21:695][  0]LogMemory: Virtual Memory: 289.42 MB used, 134217728.00 MB total
[2015.05.20-16.12.21:722][  0]LogD3D11RHI: Found D3D11 adapter 0: NVIDIA GeForce GTX 765M     (Feature Level 11_0)
[2015.05.20-16.12.21:722][  0]LogD3D11RHI: Adapter has 1988MB of dedicated video memory, 0MB of dedicated system memory, and 2048MB of shared system memory, 1 output[s]
[2015.05.20-16.12.21:735][  0]LogD3D11RHI: Found D3D11 adapter 1: NVIDIA GeForce GTX 765M     (Feature Level 11_0)
[2015.05.20-16.12.21:735][  0]LogD3D11RHI: Adapter has 1988MB of dedicated video memory, 0MB of dedicated system memory, and 2048MB of shared system memory, 0 output[s]
[2015.05.20-16.12.21:736][  0]LogD3D11RHI: Found D3D11 adapter 2: Microsoft Basic Render Driver (Feature Level 11_0)
[2015.05.20-16.12.21:736][  0]LogD3D11RHI: Adapter has 1988MB of dedicated video memory, 0MB of dedicated system memory, and 2048MB of shared system memory, 0 output[s]
[2015.05.20-16.12.21:736][  0]LogD3D11RHI: Chosen D3D11 Adapter Id = 0
[2015.05.20-16.12.21:740][  0]LogRHI: Texture pool is 1361 MB (70% of 1945 MB)
[2015.05.20-16.12.21:752][  0]LogD3D11RHI: Async texture creation enabled
[2015.05.20-16.12.22:229][  0]LogTextLocalizationManager: The requested culture ('en_US') has no localization data; parent culture's ('en') localization data will be used.
[2015.05.20-16.12.22:289][  0]LogTextLocalizationManager:Warning: Loading localization resources contain conflicting entries for (Namespace:UICommands, Key:Save_ToolTip):
Resource: (C:/Program Files/Unreal Engine/4.7/Engine/Content/Localization/Editor/en/Editor.locres) Hash: (-29098895) String: (Saves the current level to disk)
Resource: (C:/Program Files/Unreal Engine/4.7/Engine/Content/Localization/Engine/en/Engine.locres) Hash: (-1280300587) String: (Save selected data to vlog file)
[2015.05.20-16.12.22:289][  0]LogTextLocalizationManager:Warning: Loading localization resources contain conflicting entries for (Namespace:ContentBrowser, Key:ImportAssetToolTip):
Resource: (C:/Program Files/Unreal Engine/4.7/Engine/Content/Localization/Editor/en/Editor.locres) Hash: (-630476809) String: (Import to {0}...)
Resource: (C:/Program Files/Unreal Engine/4.7/Engine/Content/Localization/Editor/en/Editor.locres) Hash: (1271782899) String: (Imports an asset from file to this folder.)
[2015.05.20-16.12.22:363][  0]LogContentStreaming: Texture pool size is 0.000000MB
[2015.05.20-16.12.25:394][  0]LogTargetPlatformManager:Display: Building Assets For Windows
[2015.05.20-16.12.26:366][  0]LogTargetPlatformManager:Display: Building Assets For Windows
[2015.05.20-16.12.26:439][  0]LogDerivedDataCache:Display: Max Cache Size: 512 MB
[2015.05.20-16.12.26:948][  0]LogDerivedDataCache: Loaded boot cache 0.51s 39MB C:/Users/luisr_000/AppData/Local/UnrealEngine/4.7/DerivedDataCache/Boot.ddc.
[2015.05.20-16.12.26:948][  0]LogDerivedDataCache:Display: Loaded Boot cache: C:/Users/luisr_000/AppData/Local/UnrealEngine/4.7/DerivedDataCache/Boot.ddc
[2015.05.20-16.12.26:948][  0]LogDerivedDataCache: FDerivedDataBackendGraph:  Pak pak cache file ../../../../../../Users/luisr_000/Documents/Unreal Projects/Project_Shadow/DerivedDataCache/DDC.ddp not found, will not use a pak cache.
[2015.05.20-16.12.26:948][  0]LogDerivedDataCache: Unable to find inner node Pak for hierarchical cache Hierarchy.
[2015.05.20-16.12.27:078][  0]LogDerivedDataCache:Display: Pak cache opened for reading ../../../Engine/DerivedDataCache/Compressed.ddp.
[2015.05.20-16.12.27:090][  0]LogDerivedDataCache: Using Local data cache path C:/Users/luisr_000/AppData/Local/UnrealEngine/Common/DerivedDataCache: Writable
[2015.05.20-16.12.32:500][  0]LogMeshUtilities: No automatic mesh reduction module available
[2015.05.20-16.12.32:500][  0]LogMeshUtilities: No automatic mesh merging module available
[2015.05.20-16.12.33:753][  0]LogInit: WinSock: version 1.1 (2.2), MaxSocks=32767, MaxUdp=65467
[2015.05.20-16.12.33:946][  0]LogSlate:Warning: Failed to load font data from '../../../Engine/Content/Slate/Fonts/Roboto-Italic.ttf'
[2015.05.20-16.12.51:451][  0]UdpMessaging: Initializing bridge on interface 0.0.0.0:0 to multicast group 230.0.0.1:6666.
[2015.05.20-16.12.52:068][  0]SourceControl: Info Source control is disabled
[2015.05.20-16.12.52:068][  0]SourceControl: Info Source control is disabled
[2015.05.20-16.12.52:068][  0]SourceControl: Info Source control is disabled
[2015.05.20-16.12.52:068][  0]LogSourceControl: RunCommandInternalRaw: 'git version'
[2015.05.20-16.12.52:068][  0]LogSourceControl: RunCommandInternalRaw: ExecProcess ReturnCode=2 OutResults=''
[2015.05.20-16.12.52:076][  0]SourceControl: Info Source control is disabled
[2015.05.20-16.12.52:603][  0]LogObj: 24232 objects as part of root set at end of initial load.
[2015.05.20-16.12.52:603][  0]LogUObjectAllocator: 5137176 out of 0 bytes used by permanent object pool.
[2015.05.20-16.12.52:850][  0]LogEngine: Initializing Engine...
[2015.05.20-16.12.55:449][  0]LogInit: XAudio2 using 'Speakers (High Definition Audio Device)' : 2 channels at 44.1 kHz using 16 bits per sample (channel mask 0x3)
[2015.05.20-16.12.55:455][  0]LogInit: FAudioDevice initialized.
[2015.05.20-16.12.55:493][  0]LogAIModule: Creating AISystem for world NewWorld
[2015.05.20-16.12.55:511][  0]LogDerivedDataCache: Saved boot cache 0.02s 39MB C:/Users/luisr_000/AppData/Local/UnrealEngine/4.7/DerivedDataCache/Boot.ddc.
[2015.05.20-16.12.55:515][  0]LogInit: Texture streaming: Enabled
[2015.05.20-16.12.56:365][  0]LogAnalytics: Creating configured Analytics provider AnalyticsET
[2015.05.20-16.12.56:365][  0]LogAnalytics: ET APIKey = Rocket.Release. APIServer = http://et2.epicgames.com/ET2/. AppVersion = 4.7.6-2513093+++depot+UE4-Releases+4.7
[2015.05.20-16.12.56:365][  0]LogAnalytics: ET APIKey = Rocket.Release. DataRouterUploadURL = https://datarouter-public-service-gamedev.ol.epicgames.net/datarouter/api/v1/public/data. AppVersion = 4.7.6-2513093+++depot+UE4-Releases+4.7
[2015.05.20-16.12.56:367][  0]LogAnalytics: SetUserId 06a592394ae99916f49c3d9c3c9f503a|b280ebf5e1b3428db734f63de3c232be|784865b8-3393-4bba-9a10-0fd663c4f742
[2015.05.20-16.12.56:367][  0]LogAnalytics: AnalyticsET::StartSession [Rocket.Release]
[2015.05.20-16.12.56:442][  0]LogInit: Transaction tracking system initialized
[2015.05.20-16.12.56:624][  0]BlueprintLog: New page: Editor Load
[2015.05.20-16.12.56:663][  0]LogAssetRegistry: FAssetRegistry took 0.0112 seconds to start up
[2015.05.20-16.12.56:663][  0]LogDirectoryWatcher:Warning: Failed to begin reading directory changes for ../../../Engine/Plugins/Experimental/CharacterAI/Content/. Error: 0
[2015.05.20-16.12.57:263][  0]LogTargetPlatformManager:Display: Building Assets For Windows
[2015.05.20-16.12.57:635][  0]LogTargetPlatformManager:Display: Building Assets For Windows
[2015.05.20-16.12.57:975][  0]LogSlate:Warning: Failed to load font data from '../../../Engine/Content/Editor/Slate/Fonts/Roboto-Regular.ttf'
[2015.05.20-16.12.57:976][  0]LogSlate:Warning: Failed to load font data from '../../../Engine/Content/Editor/Slate/Fonts/Roboto-Bold.ttf'
[2015.05.20-16.12.58:100][  0]LogConsoleResponse:Display: 
[2015.05.20-16.13.00:397][  0]LogCook:Display: Done creating registry. It took  0.00s.
[2015.05.20-16.13.00:908][  0]SourceControl: Info Source control is disabled
[2015.05.20-16.13.00:909][  0]Cmd: MAP LOAD FILE="../../../../../../Users/luisr_000/Documents/Unreal Projects/Project_Shadow/Content/SideScrollerBP/Maps/SideScrollerExampleMap.umap" TEMPLATE=0 SHOWPROGRESS=1 FEATURELEVEL=3
[2015.05.20-16.13.00:994][  0]LightingResults: New page: Lighting Build
[2015.05.20-16.13.01:005][  0]MapCheck: New page: Map Check
[2015.05.20-16.13.01:005][  0]LightingResults: New page: Lighting Build
[2015.05.20-16.13.01:013][  0]LogParticles: Destroying 0 GPU particle simulations for FXSystem 0x000000B22C92E980
[2015.05.20-16.13.05:576][  0]LogEditorServer: Finished looking for orphan Actors (0.000 secs)
[2015.05.20-16.13.06:804][  0]LogAIModule: Creating AISystem for world SideScrollerExampleMap
[2015.05.20-16.13.06:805][  0]Cmd: MAP CHECKDEP
[2015.05.20-16.13.06:805][  0]MapCheck: New page: SideScrollerExampleMap - May 20, 2015, 8:13:06 AM
[2015.05.20-16.13.06:905][  0]MapCheck: Info Map check complete: 0 Error(s), 0 Warning(s), took 100.549ms to complete.
[2015.05.20-16.13.06:905][  0]LogFileHelpers: Loading map 'SideScrollerExampleMap' took 5.996
[2015.05.20-16.13.07:151][  0]LogCollectionManager: Loaded 0 collections in 0.001848 seconds
[2015.05.20-16.13.07:161][  0]LogContentBrowser: Native class hierarchy populated in 0.0098 seconds. Added 1696 classes and 261 folders.
[2015.05.20-16.13.07:192][  0]LogContentBrowser: Native class hierarchy updated for 'SceneOutliner' in 0.0019 seconds. Added 1 classes and 2 folders.
[2015.05.20-16.13.07:545][  0]LogCrashTracker: Crashtracker disabled due to settings.
[2015.05.20-16.13.07:546][  0]LogSlate:Warning: Failed to load font data from 'Veranda'
[2015.05.20-16.13.07:553][  0]LogUObjectGlobals:Warning: Failed to find object 'Class None.'
[2015.05.20-16.13.07:578][  0]LogLoad: Full Startup: 49.36 seconds (BP compile: 0.60 seconds)
[2015.05.20-16.13.07:959][  0]LogContentBrowser:Verbose: The content browser source was changed by the sources view to '/Game/ProjectMain/Blueprints'
[2015.05.20-16.13.08:022][  0]LogRenderer:Warning: Reallocating scene render targets to support 256x256 (Frame:1).
[2015.05.20-16.13.08:403][  0]LogRenderer:Warning: Reallocating scene render targets to support 1208x576 (Frame:4).
[2015.05.20-16.13.09:448][  4]LogAssetRegistry: Asset discovery search completed in 12.7966 seconds
[2015.05.20-16.21.18:574][904]BlueprintLog: New page: Compile PrimaryHUD
[2015.05.20-16.21.18:662][904]BlueprintEditorCompileResults: Info [0540.44] Compile of PrimaryHUD successful! [in 87 ms]
[2015.05.20-16.21.19:167][929]LogSavePackage: Save=28.441141ms
[2015.05.20-16.21.19:167][929]LogSavePackage: Moving '../../../../../../Users/luisr_000/Documents/Unreal Projects/Project_Shadow/Saved/PrimaryHUDEF97301D4F4C79330AB74697BE5FF52E.tmp' to '../../../../../../Users/luisr_000/Documents/Unreal Projects/Project_Shadow/Content/ProjectMain/Blueprints/PrimaryHUD.uasset'
[2015.05.20-16.21.56:213][317]LogEditorViewport: Clicking on Actor (LMB): SideScrollerCharacter_C (SideScrollerCharacter)
[2015.05.20-16.23.09:847][607]LogSavePackage: Save=1858.186401ms
[2015.05.20-16.23.09:847][607]LogSavePackage: Moving '../../../../../../Users/luisr_000/Documents/Unreal Projects/Project_Shadow/Saved/SideScrollerExampleMap_Auto1B5029D9C4F22F7E746BF5F9B91ED9438.tmp' to '../../../../../../Users/luisr_000/Documents/Unreal Projects/Project_Shadow/Saved/Autosaves/Game/SideScrollerBP/Maps/SideScrollerExampleMap_Auto1.umap'
[2015.05.20-16.23.09:856][607]LogFileHelpers: Editor autosave (incl. sublevels) for '/Game/SideScrollerBP/Maps/SideScrollerExampleMap' took 1.982
[2015.05.20-16.23.09:856][607]LogFileHelpers: Editor autosave (incl. sublevels) for all levels took 1.982
[2015.05.20-16.23.09:888][607]OBJ SavePackage: Generating thumbnails for [1] asset(s) in package [/Game/SideScrollerBP/Blueprints/SideScrollerCharacter] ([1] browsable assets)...
[2015.05.20-16.23.09:929][607]OBJ SavePackage:     Rendered thumbnail for [Blueprint /Game/SideScrollerBP/Blueprints/SideScrollerCharacter.SideScrollerCharacter]
[2015.05.20-16.23.09:929][607]OBJ SavePackage: Finished generating thumbnails for package [/Game/SideScrollerBP/Blueprints/SideScrollerCharacter]
[2015.05.20-16.23.10:557][607]LogSavePackage: Save=596.472351ms
[2015.05.20-16.23.10:558][607]LogSavePackage: Moving '../../../../../../Users/luisr_000/Documents/Unreal Projects/Project_Shadow/Saved/SideScrollerCharacter_Auto116CA29E6494C2882387E1DADC3035CDC.tmp' to '../../../../../../Users/luisr_000/Documents/Unreal Projects/Project_Shadow/Saved/Autosaves/Game/SideScrollerBP/Blueprints/SideScrollerCharacter_Auto1.uasset'
[2015.05.20-16.23.10:610][607]LogFileHelpers: Auto-saving content packages took 0.754
[2015.05.20-16.23.19:518][987]LogActorComponent: UnregisterComponent: (/Engine/Transient.CharMoveComp) Not registered. Aborting.
[2015.05.20-16.24.03:052][879]LogSavePackage: Save=492.052917ms
[2015.05.20-16.24.03:052][879]LogSavePackage: Moving '../../../../../../Users/luisr_000/Documents/Unreal Projects/Project_Shadow/Saved/SideScrollerCharacterBDCA97A4454942FAF6E3F9B373B2026F.tmp' to '../../../../../../Users/luisr_000/Documents/Unreal Projects/Project_Shadow/Content/SideScrollerBP/Blueprints/SideScrollerCharacter.uasset'
[2015.05.20-16.24.03:609][912]BlueprintLog: New page: Compile SideScrollerCharacter
[2015.05.20-16.24.03:884][912]LogActorComponent: UnregisterComponent: (/Engine/Transient.CharacterMovementComponent_0) Not registered. Aborting.
[2015.05.20-16.24.03:916][912]BlueprintEditorCompileResults: Info [0705.70] Compile of SideScrollerCharacter successful! [in 307 ms]
[2015.05.20-16.26.29:746][ 25]LogRenderer:Warning: Reallocating scene render targets to support 1208x904 (Frame:810).
[2015.05.20-16.27.40:925][ 48]LogContentBrowser:Verbose: The content browser source was changed by the sources view to '/Game/ProjectMain/Blueprints'
[2015.05.20-16.28.59:716][921]BlueprintLog: New page: Compile HUDStates
[2015.05.20-16.28.59:779][921]BlueprintEditorCompileResults: Info [1001.56] Compile of HUDStates successful! [in 63 ms]
[2015.05.20-16.29.00:794][979]LogSavePackage: Save=8.149805ms
[2015.05.20-16.29.00:794][979]LogSavePackage: Moving '../../../../../../Users/luisr_000/Documents/Unreal Projects/Project_Shadow/Saved/HUDStates3C6F63FE4D34ED277A51ACB2AC27489B.tmp' to '../../../../../../Users/luisr_000/Documents/Unreal Projects/Project_Shadow/Content/ProjectMain/Blueprints/HUDStates.uasset'
[2015.05.20-16.29.20:879][134]LogParticles: Destroying 0 GPU particle simulations for FXSystem 0x000000B25D7FBCE0
[2015.05.20-16.29.23:473][134]LogSavePackage: Save=1841.379639ms
[2015.05.20-16.29.23:473][134]LogSavePackage: Moving '../../../../../../Users/luisr_000/Documents/Unreal Projects/Project_Shadow/Saved/SideScrollerExampleMap0C3FB28B40D8AFD92914CBA8658A4ABA.tmp' to '../../../../../../Users/luisr_000/Documents/Unreal Projects/Project_Shadow/Content/SideScrollerBP/Maps/SideScrollerExampleMap.umap'
[2015.05.20-16.29.23:517][134]LogFileHelpers: Saving map 'SideScrollerExampleMap' took 2.588
[2015.05.20-16.29.23:557][134]LogSavePackage: Save=24.457970ms
[2015.05.20-16.29.23:557][134]LogSavePackage: Moving '../../../../../../Users/luisr_000/Documents/Unreal Projects/Project_Shadow/Saved/PrimaryHUD043580DA455532A09F0F8EA310A81B5B.tmp' to '../../../../../../Users/luisr_000/Documents/Unreal Projects/Project_Shadow/Content/ProjectMain/Blueprints/PrimaryHUD.uasset'
[2015.05.20-16.31.39:192][750]BlueprintLog: New page: Compile HUDStates
[2015.05.20-16.31.39:250][750]LogParticles: Destroying 0 GPU particle simulations for FXSystem 0x000000B20BA2BC40
[2015.05.20-16.31.39:262][750]BlueprintEditorCompileResults: Info [1161.04] Compile of HUDStates successful! [in 70 ms]
[2015.05.20-16.31.39:738][775]LogSavePackage: Save=8.603974ms
[2015.05.20-16.31.39:738][775]LogSavePackage: Moving '../../../../../../Users/luisr_000/Documents/Unreal Projects/Project_Shadow/Saved/HUDStates6E241A754B60772D09E2B3A822CAFA10.tmp' to '../../../../../../Users/luisr_000/Documents/Unreal Projects/Project_Shadow/Content/ProjectMain/Blueprints/HUDStates.uasset'
[2015.05.20-16.31.57:488][785]LogParticles: Destroying 0 GPU particle simulations for FXSystem 0x000000B225717600
[2015.05.20-16.31.57:503][786]LogParticles: Destroying 0 GPU particle simulations for FXSystem 0x000000B226379080
[2015.05.20-16.32.50:661][878]LogParticles: Destroying 0 GPU particle simulations for FXSystem 0x000000B25D875080
[2015.05.20-16.32.56:643][128]Cmd: QUIT_EDITOR
[2015.05.20-16.32.57:000][128]LogExit: Preparing to exit.
[2015.05.20-16.32.58:319][128]LogExit: Editor shut down
[2015.05.20-16.32.58:320][128]LogExit: Transaction tracking system shut down
[2015.05.20-16.32.58:320][128]LogParticles: Destroying 0 GPU particle simulations for FXSystem 0x000000B227911620
[2015.05.20-16.32.58:321][128]LogParticles: Destroying 0 GPU particle simulations for FXSystem 0x000000B25D80D260
[2015.05.20-16.32.58:321][128]LogParticles: Destroying 0 GPU particle simulations for FXSystem 0x000000B25E86E980
[2015.05.20-16.32.58:321][128]LogParticles: Destroying 0 GPU particle simulations for FXSystem 0x000000B25E86D940
[2015.05.20-16.32.58:322][128]LogParticles: Destroying 0 GPU particle simulations for FXSystem 0x000000B227AE0540
[2015.05.20-16.32.59:126][128]LogParticles: Destroying 0 GPU particle simulations for FXSystem 0x000000B229E5AE80
[2015.05.20-16.32.59:126][128]LogExit: Object subsystem successfully closed.
[2015.05.20-16.32.59:297][128]LogModuleManager: Shutting down and abandoning module CrashTracker (177)
[2015.05.20-16.32.59:297][128]LogModuleManager: Shutting down and abandoning module SuperSearch (176)
[2015.05.20-16.32.59:297][128]LogModuleManager: Shutting down and abandoning module SceneOutliner (175)
[2015.05.20-16.32.59:297][128]LogModuleManager: Shutting down and abandoning module EditorWidgets (174)
[2015.05.20-16.32.59:297][128]LogModuleManager: Shutting down and abandoning module CollectionManager (173)
[2015.05.20-16.32.59:297][128]LogModuleManager: Shutting down and abandoning module StatsViewer (172)
[2015.05.20-16.32.59:297][128]LogModuleManager: Shutting down and abandoning module FoliageEdit (171)
[2015.05.20-16.32.59:297][128]LogModuleManager: Shutting down and abandoning module LandscapeEditor (170)
[2015.05.20-16.32.59:297][128]LogModuleManager: Shutting down and abandoning module MeshPaint (169)
[2015.05.20-16.32.59:297][128]LogModuleManager: Shutting down and abandoning module ActorPickerMode (168)
[2015.05.20-16.32.59:297][128]LogModuleManager: Shutting down and abandoning module GeometryMode (167)
[2015.05.20-16.32.59:297][128]LogModuleManager: Shutting down and abandoning module TextureAlignMode (166)
[2015.05.20-16.32.59:297][128]LogModuleManager: Shutting down and abandoning module BspMode (165)
[2015.05.20-16.32.59:297][128]LogModuleManager: Shutting down and abandoning module PlacementMode (164)
[2015.05.20-16.32.59:297][128]LogModuleManager: Shutting down and abandoning module AutomationWorker (163)
[2015.05.20-16.32.59:297][128]LogModuleManager: Shutting down and abandoning module CharacterAI (162)
[2015.05.20-16.32.59:297][128]LogModuleManager: Shutting down and abandoning module SmartSnapping (161)
[2015.05.20-16.32.59:297][128]LogModuleManager: Shutting down and abandoning module ViewportSnapping (160)
[2015.05.20-16.32.59:297][128]LogModuleManager: Shutting down and abandoning module LogVisualizer (159)
[2015.05.20-16.32.59:298][128]LogModuleManager: Shutting down and abandoning module GameProjectGeneration (158)
[2015.05.20-16.32.59:298][128]LogModuleManager: Shutting down and abandoning module IntroTutorials (157)
[2015.05.20-16.32.59:298][128]LogModuleManager: Shutting down and abandoning module EditorLiveStreaming (156)
[2015.05.20-16.32.59:298][128]LogModuleManager: Shutting down and abandoning module HardwareTargeting (155)
[2015.05.20-16.32.59:298][128]LogModuleManager: Shutting down and abandoning module DeviceProfileEditor (154)
[2015.05.20-16.32.59:298][128]LogModuleManager: Shutting down and abandoning module UndoHistory (153)
[2015.05.20-16.32.59:298][128]LogModuleManager: Shutting down and abandoning module GameplayTagsEditor (152)
[2015.05.20-16.32.59:298][128]LogModuleManager: Shutting down and abandoning module UserFeedback (151)
[2015.05.20-16.32.59:298][128]LogModuleManager: Shutting down and abandoning module XmlParser (150)
[2015.05.20-16.32.59:298][128]LogModuleManager: Shutting down and abandoning module Blutility (149)
[2015.05.20-16.32.59:298][128]LogModuleManager: Shutting down and abandoning module IOSPlatformEditor (148)
[2015.05.20-16.32.59:298][128]LogModuleManager: Shutting down and abandoning module IOSRuntimeSettings (147)
[2015.05.20-16.32.59:298][128]LogModuleManager: Shutting down and abandoning module AndroidDeviceDetection (146)
[2015.05.20-16.32.59:339][128]LogModuleManager: Shutting down and abandoning module AndroidPlatformEditor (145)
[2015.05.20-16.32.59:339][128]LogModuleManager: Shutting down and abandoning module AndroidRuntimeSettings (144)
[2015.05.20-16.32.59:339][128]LogModuleManager: Shutting down and abandoning module ProjectTargetPlatformEditor (143)
[2015.05.20-16.32.59:339][128]LogModuleManager: Shutting down and abandoning module ProjectSettingsViewer (142)
[2015.05.20-16.32.59:339][128]LogModuleManager: Shutting down and abandoning module InputBindingEditor (141)
[2015.05.20-16.32.59:339][128]LogModuleManager: Shutting down and abandoning module EditorSettingsViewer (140)
[2015.05.20-16.32.59:339][128]LogModuleManager: Shutting down and abandoning module SettingsEditor (139)
[2015.05.20-16.32.59:339][128]LogModuleManager: Shutting down and abandoning module ProjectLauncher (138)
[2015.05.20-16.32.59:339][128]LogModuleManager: Shutting down and abandoning module SessionFrontend (137)
[2015.05.20-16.32.59:339][128]LogModuleManager: Shutting down and abandoning module ProfilerClient (136)
[2015.05.20-16.32.59:339][128]LogModuleManager: Shutting down and abandoning module TargetDeviceServices (135)
[2015.05.20-16.32.59:339][128]LogModuleManager: Shutting down and abandoning module DeviceManager (134)
[2015.05.20-16.32.59:339][128]LogModuleManager: Shutting down and abandoning module AutomationController (133)
[2015.05.20-16.32.59:339][128]LogModuleManager: Shutting down and abandoning module AutomationWindow (132)
[2015.05.20-16.32.59:339][128]LogModuleManager: Shutting down and abandoning module Layers (131)
[2015.05.20-16.32.59:339][128]LogModuleManager: Shutting down and abandoning module ComponentVisualizers (130)
[2015.05.20-16.32.59:339][128]LogModuleManager: Shutting down and abandoning module DetailCustomizations (129)
[2015.05.20-16.32.59:339][128]LogModuleManager: Shutting down and abandoning module PackagesDialog (128)
[2015.05.20-16.32.59:340][128]LogModuleManager: Shutting down and abandoning module AssetRegistry (127)
[2015.05.20-16.32.59:406][128]LogModuleManager: Shutting down and abandoning module Persona (126)
[2015.05.20-16.32.59:406][128]LogModuleManager: Shutting down and abandoning module SlateReflector (125)
[2015.05.20-16.32.59:406][128]LogModuleManager: Shutting down and abandoning module LevelEditor (124)
[2015.05.20-16.32.59:423][128]LogModuleManager: Shutting down and abandoning module Kismet (123)
[2015.05.20-16.32.59:423][128]LogModuleManager: Shutting down and abandoning module GraphEditor (122)
[2015.05.20-16.32.59:423][128]LogModuleManager: Shutting down and abandoning module ClassViewer (121)
[2015.05.20-16.32.59:423][128]LogModuleManager: Shutting down and abandoning module Toolbox (120)
[2015.05.20-16.32.59:423][128]LogModuleManager: Shutting down and abandoning module ModuleUI (119)
[2015.05.20-16.32.59:423][128]LogModuleManager: Shutting down and abandoning module MovieSceneTools (118)
[2015.05.20-16.32.59:424][128]LogModuleManager: Shutting down and abandoning module OutputLog (117)
[2015.05.20-16.32.59:424][128]LogModuleManager: Shutting down and abandoning module GammaUI (116)
[2015.05.20-16.32.59:424][128]LogModuleManager: Shutting down and abandoning module Documentation (115)
[2015.05.20-16.32.59:424][128]LogModuleManager: Shutting down and abandoning module GameLiveStreaming (114)
[2015.05.20-16.32.59:424][128]LogModuleManager: Shutting down and abandoning module StreamingPauseRendering (113)
[2015.05.20-16.32.59:424][128]LogModuleManager: Shutting down and abandoning module HTTP (112)
[2015.05.20-16.32.59:424][128]LogModuleManager: Shutting down and abandoning module AnalyticsET (111)
[2015.05.20-16.32.59:424][128]LogModuleManager: Shutting down and abandoning module Analytics (110)
[2015.05.20-16.32.59:424][128]LogModuleManager: Shutting down and abandoning module AITestSuite (109)
[2015.05.20-16.32.59:424][128]LogModuleManager: Shutting down and abandoning module GameplayDebugger (108)
[2015.05.20-16.32.59:424][128]LogModuleManager: Shutting down and abandoning module AIModule (107)
[2015.05.20-16.32.59:424][128]LogModuleManager: Shutting down and abandoning module ProfilerService (106)
[2015.05.20-16.32.59:550][128]LogModuleManager: Shutting down and abandoning module TaskGraph (105)
[2015.05.20-16.32.59:550][128]LogModuleManager: Shutting down and abandoning module SlateRemote (104)
[2015.05.20-16.32.59:550][128]LogModuleManager: Shutting down and abandoning module ScriptEditorPlugin (103)
[2015.05.20-16.32.59:550][128]LogModuleManager: Shutting down and abandoning module CustomMeshComponent (102)
[2015.05.20-16.32.59:550][128]LogModuleManager: Shutting down and abandoning module CableComponent (101)
[2015.05.20-16.32.59:550][128]LogModuleManager: Shutting down and abandoning module MessagingDebugger (100)
[2015.05.20-16.32.59:550][128]LogModuleManager: Shutting down and abandoning module MediaPlayerEditor (99)
[2015.05.20-16.32.59:550][128]LogModuleManager: Shutting down and abandoning module SpeedTreeImporter (98)
[2015.05.20-16.32.59:550][128]LogModuleManager: Shutting down and abandoning module PluginsEditor (97)
[2015.05.20-16.32.59:550][128]LogModuleManager: Shutting down and abandoning module MainFrame (96)
[2015.05.20-16.32.59:550][128]LogModuleManager: Shutting down and abandoning module EpicSurvey (95)
[2015.05.20-16.32.59:550][128]LogModuleManager: Shutting down and abandoning module DesktopPlatform (94)
[2015.05.20-16.32.59:550][128]LogModuleManager: Shutting down and abandoning module DirectoryWatcher (93)
[2015.05.20-16.32.59:550][128]LogModuleManager: Shutting down and abandoning module HotReload (92)
[2015.05.20-16.32.59:550][128]LogModuleManager: Shutting down and abandoning module VisualStudioSourceCodeAccess (91)
[2015.05.20-16.32.59:550][128]LogModuleManager: Shutting down and abandoning module UObjectPlugin (90)
[2015.05.20-16.32.59:550][128]LogModuleManager: Shutting down and abandoning module SubversionSourceControl (89)
[2015.05.20-16.32.59:550][128]LogModuleManager: Shutting down and abandoning module PerforceSourceControl (88)
[2015.05.20-16.32.59:550][128]LogModuleManager: Shutting down and abandoning module SourceControl (87)
[2015.05.20-16.32.59:550][128]LogModuleManager: Shutting down and abandoning module GitSourceControl (86)
[2015.05.20-16.32.59:550][128]LogModuleManager: Shutting down and abandoning module BlankPlugin (85)
[2015.05.20-16.32.59:550][128]LogModuleManager: Shutting down and abandoning module PaperTiledImporter (84)
[2015.05.20-16.32.59:550][128]LogModuleManager: Shutting down and abandoning module PaperJsonImporter (83)
[2015.05.20-16.32.59:550][128]LogModuleManager: Shutting down and abandoning module ContentBrowser (82)
[2015.05.20-16.32.59:551][128]LogModuleManager: Shutting down and abandoning module Paper2DEditor (81)
[2015.05.20-16.32.59:551][128]LogModuleManager: Shutting down and abandoning module ScriptPlugin (80)
[2015.05.20-16.32.59:551][128]LogModuleManager: Shutting down and abandoning module UdpMessaging (79)
[2015.05.20-16.32.59:652][128]LogModuleManager: Shutting down and abandoning module Paper2D (78)
[2015.05.20-16.32.59:652][128]LogModuleManager: Shutting down and abandoning module WindowsMoviePlayer (77)
[2015.05.20-16.32.59:654][128]LogModuleManager: Shutting down and abandoning module Media (76)
[2015.05.20-16.32.59:654][128]LogModuleManager: Shutting down and abandoning module WmfMedia (75)
[2015.05.20-16.32.59:654][128]LogModuleManager: Shutting down and abandoning module OnlineBlueprintSupport (74)
[2015.05.20-16.32.59:654][128]LogModuleManager: Shutting down and abandoning module PropertyEditor (73)
[2015.05.20-16.32.59:654][128]LogModuleManager: Shutting down and abandoning module BehaviorTreeEditor (72)
[2015.05.20-16.32.59:654][128]LogModuleManager: Shutting down and abandoning module FunctionalTesting (71)
[2015.05.20-16.32.59:654][128]LogModuleManager: Shutting down and abandoning module CollisionAnalyzer (70)
[2015.05.20-16.32.59:654][128]LogModuleManager: Shutting down and abandoning module WorkspaceMenuStructure (69)
[2015.05.20-16.32.59:654][128]LogModuleManager: Shutting down and abandoning module MessageLog (68)
[2015.05.20-16.32.59:654][128]LogModuleManager: Shutting down and abandoning module Sequencer (67)
[2015.05.20-16.32.59:654][128]LogModuleManager: Shutting down and abandoning module AssetTools (66)
[2015.05.20-16.32.59:654][128]LogModuleManager: Shutting down and abandoning module UMGEditor (65)
[2015.05.20-16.32.59:654][128]LogModuleManager: Shutting down and abandoning module UMG (64)
[2015.05.20-16.32.59:654][128]LogModuleManager: Shutting down and abandoning module Slate (63)
[2015.05.20-16.32.59:654][128]LogModuleManager: Shutting down and abandoning module EditorStyle (62)
[2015.05.20-16.32.59:657][128]LogModuleManager: Shutting down and abandoning module SessionServices (61)
[2015.05.20-16.32.59:657][128]LogModuleManager: Shutting down and abandoning module SourceCodeAccess (60)
[2015.05.20-16.32.59:657][128]LogModuleManager: Shutting down and abandoning module HeadMountedDisplay (59)
[2015.05.20-16.32.59:657][128]LogModuleManager: Shutting down and abandoning module XAudio2 (58)
[2015.05.20-16.32.59:657][128]LogModuleManager: Shutting down and abandoning module Networking (56)
[2015.05.20-16.32.59:657][128]LogModuleManager: Shutting down and abandoning module Core (55)
[2015.05.20-16.32.59:657][128]LogModuleManager: Shutting down and abandoning module KismetCompiler (54)
[2015.05.20-16.32.59:657][128]LogModuleManager: Shutting down and abandoning module PhysXFormats (53)
[2015.05.20-16.32.59:658][128]LogModuleManager: Shutting down and abandoning module MeshUtilities (52)
[2015.05.20-16.32.59:658][128]LogModuleManager: Shutting down and abandoning module DerivedDataCache (51)
[2015.05.20-16.32.59:661][128]LogDerivedDataCache: Shutdown
[2015.05.20-16.32.59:661][128]LogModuleManager: Shutting down and abandoning module ShaderFormatOpenGL (50)
[2015.05.20-16.32.59:661][128]LogModuleManager: Shutting down and abandoning module ShaderFormatD3D (49)
[2015.05.20-16.32.59:661][128]LogModuleManager: Shutting down and abandoning module MetalShaderFormat (48)
[2015.05.20-16.32.59:661][128]LogModuleManager: Shutting down and abandoning module TextureFormatUncompressed (47)
[2015.05.20-16.32.59:661][128]LogModuleManager: Shutting down and abandoning module TextureFormatPVR (46)
[2015.05.20-16.32.59:661][128]LogModuleManager: Shutting down and abandoning module TextureFormatIntelISPCTexComp (45)
[2015.05.20-16.32.59:661][128]LogModuleManager: Shutting down and abandoning module TextureFormatDXT (44)
[2015.05.20-16.32.59:661][128]LogModuleManager: Shutting down and abandoning module ImageWrapper (43)
[2015.05.20-16.32.59:661][128]LogModuleManager: Shutting down and abandoning module TextureFormatASTC (42)
[2015.05.20-16.32.59:661][128]LogModuleManager: Shutting down and abandoning module TextureFormatAndroid (41)
[2015.05.20-16.32.59:661][128]LogModuleManager: Shutting down and abandoning module AudioFormatOpus (40)
[2015.05.20-16.32.59:675][128]LogModuleManager: Shutting down and abandoning module AudioFormatOgg (39)
[2015.05.20-16.32.59:675][128]LogModuleManager: Shutting down and abandoning module AudioFormatADPCM (38)
[2015.05.20-16.32.59:675][128]LogModuleManager: Shutting down and abandoning module LinuxTargetPlatform (37)
[2015.05.20-16.32.59:675][128]LogModuleManager: Shutting down and abandoning module LinuxServerTargetPlatform (36)
[2015.05.20-16.32.59:675][128]LogModuleManager: Shutting down and abandoning module LinuxNoEditorTargetPlatform (35)
[2015.05.20-16.32.59:675][128]LogModuleManager: Shutting down and abandoning module Messaging (34)
[2015.05.20-16.32.59:675][128]LogModuleManager: Shutting down and abandoning module IOSTargetPlatform (33)
[2015.05.20-16.32.59:675][128]LogModuleManager: Shutting down and abandoning module HTML5TargetPlatform (32)
[2015.05.20-16.32.59:675][128]LogModuleManager: Shutting down and abandoning module Android_PVRTCTargetPlatform (31)
[2015.05.20-16.32.59:675][128]LogModuleManager: Shutting down and abandoning module Android_ETC2TargetPlatform (30)
[2015.05.20-16.32.59:675][128]LogModuleManager: Shutting down and abandoning module Android_ETC1TargetPlatform (29)
[2015.05.20-16.32.59:675][128]LogModuleManager: Shutting down and abandoning module Android_ES31TargetPlatform (28)
[2015.05.20-16.32.59:675][128]LogModuleManager: Shutting down and abandoning module Android_DXTTargetPlatform (27)
[2015.05.20-16.32.59:675][128]LogModuleManager: Shutting down and abandoning module Android_ATCTargetPlatform (26)
[2015.05.20-16.32.59:675][128]LogModuleManager: Shutting down and abandoning module AndroidTargetPlatform (25)
[2015.05.20-16.32.59:675][128]LogModuleManager: Shutting down and abandoning module WindowsTargetPlatform (24)
[2015.05.20-16.32.59:675][128]LogModuleManager: Shutting down and abandoning module WindowsServerTargetPlatform (23)
[2015.05.20-16.32.59:675][128]LogModuleManager: Shutting down and abandoning module WindowsNoEditorTargetPlatform (22)
[2015.05.20-16.32.59:675][128]LogModuleManager: Shutting down and abandoning module WindowsClientTargetPlatform (21)
[2015.05.20-16.32.59:675][128]LogModuleManager: Shutting down and abandoning module TargetPlatform (20)
[2015.05.20-16.32.59:675][128]LogModuleManager: Shutting down and abandoning module InputCore (19)
[2015.05.20-16.32.59:675][128]LogModuleManager: Shutting down and abandoning module Settings (18)
[2015.05.20-16.32.59:675][128]LogModuleManager: Shutting down and abandoning module OnlineSubsystem (16)
[2015.05.20-16.32.59:675][128]LogModuleManager: Shutting down and abandoning module OculusRift (15)
[2015.05.20-16.32.59:675][128]LogModuleManager: Shutting down and abandoning module ExampleDeviceProfileSelector (14)
[2015.05.20-16.32.59:675][128]LogModuleManager: Shutting down and abandoning module TextureCompressor (13)
[2015.05.20-16.32.59:675][128]LogModuleManager: Shutting down and abandoning module ShaderCore (12)
[2015.05.20-16.32.59:675][128]LogModuleManager: Shutting down and abandoning module Landscape (11)
[2015.05.20-16.32.59:675][128]LogModuleManager: Shutting down and abandoning module SlateRHIRenderer (10)
[2015.05.20-16.32.59:678][128]LogModuleManager: Shutting down and abandoning module OpenGLDrv (9)
[2015.05.20-16.32.59:678][128]LogModuleManager: Shutting down and abandoning module D3D11RHI (8)
[2015.05.20-16.32.59:678][128]LogModuleManager: Shutting down and abandoning module Renderer (7)
[2015.05.20-16.32.59:678][128]LogModuleManager: Shutting down and abandoning module Engine (6)
[2015.05.20-16.32.59:678][128]LogModuleManager: Shutting down and abandoning module CoreUObject (5)
[2015.05.20-16.32.59:678][128]LogModuleManager: Shutting down and abandoning module NetworkFile (4)
[2015.05.20-16.32.59:678][128]LogModuleManager: Shutting down and abandoning module StreamingFile (3)
[2015.05.20-16.32.59:678][128]LogModuleManager: Shutting down and abandoning module SandboxFile (2)
[2015.05.20-16.32.59:678][128]LogModuleManager: Shutting down and abandoning module PakFile (1)
[2015.05.20-16.32.59:678][128]LogExit: Exiting.
[2015.05.20-16.32.59:682][128]Log file closed, 05/20/15 12:32:59
