Log file open, 05/21/15 11:10:38
LogInit:Display: Running engine for game: Project_Shadow
LogInit: Version: 4.7.6-2513093+++depot+UE4-Releases+4.7
LogInit: API Version: 2455222
LogInit: Compiled (64-bit): Apr 15 2015 12:09:54
LogInit: Compiled with Visual C++: 18.00.21005.01
LogInit: Build Configuration: Development
LogInit: Branch Name: ++depot+UE4-Releases+4.7
LogInit: Command line:  
LogInit: Base directory: C:/Program Files/Unreal Engine/4.7/Engine/Binaries/Win64/
LogInit: Rocket: 1
[2015.05.21-15.10.38:472][  0]LogTaskGraph: Started task graph with 3 named threads and 6 total threads.
[2015.05.21-15.10.38:527][  0]LogOnline:Warning: No default platform service specified for OnlineSubsystem
[2015.05.21-15.10.38:538][  0]LogInit: Presizing for 0 objects not considered by GC, pre-allocating 0 bytes.
[2015.05.21-15.10.38:547][  0]LogInit: Object subsystem initialized
[2015.05.21-15.10.38:548][  0]LogConsoleResponse:Warning: Skipping Unknown console variable: 'TranslucentSortAxis = (X=0.000000,Y=-1.000000,Z=0.000000)'
[2015.05.21-15.10.38:548][  0]LogConsoleResponse:Warning:   Found in ini file 'C:/Users/luisr_000/Documents/Unreal Projects/Project_Shadow/Saved/Config/Windows/Engine.ini', in section '[/Script/Engine.RendererSettings]'
[2015.05.21-15.10.38:548][  0]LogConsoleResponse:Warning: Skipping Unknown console variable: 'UIScaleRule = ShortestSide'
[2015.05.21-15.10.38:548][  0]LogConsoleResponse:Warning:   Found in ini file 'C:/Users/luisr_000/Documents/Unreal Projects/Project_Shadow/Saved/Config/Windows/Engine.ini', in section '[/Script/Engine.RendererSettings]'
[2015.05.21-15.10.38:548][  0]LogConsoleResponse:Warning: Skipping Unknown console variable: 'UIScaleCurve = (EditorCurveData=(Keys=),ExternalCurve=None)'
[2015.05.21-15.10.38:548][  0]LogConsoleResponse:Warning:   Found in ini file 'C:/Users/luisr_000/Documents/Unreal Projects/Project_Shadow/Saved/Config/Windows/Engine.ini', in section '[/Script/Engine.RendererSettings]'
[2015.05.21-15.10.38:549][  0]LogInit: Selected Device Profile: [Windows]
[2015.05.21-15.10.38:549][  0]LogInit: Applying CVar settings loaded from the selected device profile: [Windows]
[2015.05.21-15.10.38:555][  0]LogInit: Computer: LOU
[2015.05.21-15.10.38:555][  0]LogInit: User: LouIII
[2015.05.21-15.10.38:555][  0]LogInit: CPU Page size=4096, Cores=4
[2015.05.21-15.10.38:555][  0]LogInit: High frequency timer resolution =2.338338 MHz
[2015.05.21-15.10.38:555][  0]LogMemory: Memory total: Physical=15.9GB (16GB approx) Virtual=131072.0GB
[2015.05.21-15.10.38:555][  0]LogMemory: Platform Memory Stats for Windows
[2015.05.21-15.10.38:555][  0]LogMemory: Process Physical Memory: 46.70 MB used, 46.70 MB peak
[2015.05.21-15.10.38:555][  0]LogMemory: Process Virtual Memory: 26.83 MB used, 26.83 MB peak
[2015.05.21-15.10.38:555][  0]LogMemory: Physical Memory: 3862.32 MB used, 16303.71 MB total
[2015.05.21-15.10.38:555][  0]LogMemory: Virtual Memory: 289.42 MB used, 134217728.00 MB total
[2015.05.21-15.10.38:581][  0]LogD3D11RHI: Found D3D11 adapter 0: NVIDIA GeForce GTX 765M     (Feature Level 11_0)
[2015.05.21-15.10.38:581][  0]LogD3D11RHI: Adapter has 1988MB of dedicated video memory, 0MB of dedicated system memory, and 2048MB of shared system memory, 1 output[s]
[2015.05.21-15.10.38:596][  0]LogD3D11RHI: Found D3D11 adapter 1: NVIDIA GeForce GTX 765M     (Feature Level 11_0)
[2015.05.21-15.10.38:596][  0]LogD3D11RHI: Adapter has 1988MB of dedicated video memory, 0MB of dedicated system memory, and 2048MB of shared system memory, 0 output[s]
[2015.05.21-15.10.38:597][  0]LogD3D11RHI: Found D3D11 adapter 2: Microsoft Basic Render Driver (Feature Level 11_0)
[2015.05.21-15.10.38:597][  0]LogD3D11RHI: Adapter has 1988MB of dedicated video memory, 0MB of dedicated system memory, and 2048MB of shared system memory, 0 output[s]
[2015.05.21-15.10.38:597][  0]LogD3D11RHI: Chosen D3D11 Adapter Id = 0
[2015.05.21-15.10.38:601][  0]LogRHI: Texture pool is 1361 MB (70% of 1945 MB)
[2015.05.21-15.10.38:615][  0]LogD3D11RHI: Async texture creation enabled
[2015.05.21-15.10.38:673][  0]LogTextLocalizationManager: The requested culture ('en_US') has no localization data; parent culture's ('en') localization data will be used.
[2015.05.21-15.10.38:726][  0]LogTextLocalizationManager:Warning: Loading localization resources contain conflicting entries for (Namespace:UICommands, Key:Save_ToolTip):
Resource: (C:/Program Files/Unreal Engine/4.7/Engine/Content/Localization/Editor/en/Editor.locres) Hash: (-29098895) String: (Saves the current level to disk)
Resource: (C:/Program Files/Unreal Engine/4.7/Engine/Content/Localization/Engine/en/Engine.locres) Hash: (-1280300587) String: (Save selected data to vlog file)
[2015.05.21-15.10.38:726][  0]LogTextLocalizationManager:Warning: Loading localization resources contain conflicting entries for (Namespace:ContentBrowser, Key:ImportAssetToolTip):
Resource: (C:/Program Files/Unreal Engine/4.7/Engine/Content/Localization/Editor/en/Editor.locres) Hash: (-630476809) String: (Import to {0}...)
Resource: (C:/Program Files/Unreal Engine/4.7/Engine/Content/Localization/Editor/en/Editor.locres) Hash: (1271782899) String: (Imports an asset from file to this folder.)
[2015.05.21-15.10.38:799][  0]LogContentStreaming: Texture pool size is 0.000000MB
[2015.05.21-15.10.40:850][  0]LogTargetPlatformManager:Display: Building Assets For Windows
[2015.05.21-15.10.41:310][  0]LogTargetPlatformManager:Display: Building Assets For Windows
[2015.05.21-15.10.41:364][  0]LogDerivedDataCache:Display: Max Cache Size: 512 MB
[2015.05.21-15.10.41:400][  0]LogDerivedDataCache: Loaded boot cache 0.04s 39MB C:/Users/luisr_000/AppData/Local/UnrealEngine/4.7/DerivedDataCache/Boot.ddc.
[2015.05.21-15.10.41:400][  0]LogDerivedDataCache:Display: Loaded Boot cache: C:/Users/luisr_000/AppData/Local/UnrealEngine/4.7/DerivedDataCache/Boot.ddc
[2015.05.21-15.10.41:400][  0]LogDerivedDataCache: FDerivedDataBackendGraph:  Pak pak cache file ../../../../../../Users/luisr_000/Documents/Unreal Projects/Project_Shadow/DerivedDataCache/DDC.ddp not found, will not use a pak cache.
[2015.05.21-15.10.41:400][  0]LogDerivedDataCache: Unable to find inner node Pak for hierarchical cache Hierarchy.
[2015.05.21-15.10.41:509][  0]LogDerivedDataCache:Display: Pak cache opened for reading ../../../Engine/DerivedDataCache/Compressed.ddp.
[2015.05.21-15.10.41:522][  0]LogDerivedDataCache: Using Local data cache path C:/Users/luisr_000/AppData/Local/UnrealEngine/Common/DerivedDataCache: Writable
[2015.05.21-15.10.41:772][  0]LogMeshUtilities: No automatic mesh reduction module available
[2015.05.21-15.10.41:772][  0]LogMeshUtilities: No automatic mesh merging module available
[2015.05.21-15.10.42:128][  0]LogInit: WinSock: version 1.1 (2.2), MaxSocks=32767, MaxUdp=65467
[2015.05.21-15.10.42:195][  0]LogSlate:Warning: Failed to load font data from '../../../Engine/Content/Slate/Fonts/Roboto-Italic.ttf'
[2015.05.21-15.10.42:876][  0]UdpMessaging: Initializing bridge on interface 0.0.0.0:0 to multicast group 230.0.0.1:6666.
[2015.05.21-15.10.43:059][  0]SourceControl: Info Source control is disabled
[2015.05.21-15.10.43:059][  0]SourceControl: Info Source control is disabled
[2015.05.21-15.10.43:059][  0]SourceControl: Info Source control is disabled
[2015.05.21-15.10.43:059][  0]LogSourceControl: RunCommandInternalRaw: 'git version'
[2015.05.21-15.10.43:060][  0]LogSourceControl: RunCommandInternalRaw: ExecProcess ReturnCode=2 OutResults=''
[2015.05.21-15.10.43:068][  0]SourceControl: Info Source control is disabled
[2015.05.21-15.10.43:232][  0]LogObj: 24232 objects as part of root set at end of initial load.
[2015.05.21-15.10.43:232][  0]LogUObjectAllocator: 5137176 out of 0 bytes used by permanent object pool.
[2015.05.21-15.10.43:306][  0]LogEngine: Initializing Engine...
[2015.05.21-15.10.45:481][  0]LogInit: XAudio2 using 'Speakers (High Definition Audio Device)' : 2 channels at 44.1 kHz using 16 bits per sample (channel mask 0x3)
[2015.05.21-15.10.45:488][  0]LogInit: FAudioDevice initialized.
[2015.05.21-15.10.45:521][  0]LogAIModule: Creating AISystem for world NewWorld
[2015.05.21-15.10.45:539][  0]LogDerivedDataCache: Saved boot cache 0.02s 39MB C:/Users/luisr_000/AppData/Local/UnrealEngine/4.7/DerivedDataCache/Boot.ddc.
[2015.05.21-15.10.45:543][  0]LogInit: Texture streaming: Enabled
[2015.05.21-15.10.45:625][  0]LogAnalytics: Creating configured Analytics provider AnalyticsET
[2015.05.21-15.10.45:625][  0]LogAnalytics: ET APIKey = Rocket.Release. APIServer = http://et2.epicgames.com/ET2/. AppVersion = 4.7.6-2513093+++depot+UE4-Releases+4.7
[2015.05.21-15.10.45:625][  0]LogAnalytics: ET APIKey = Rocket.Release. DataRouterUploadURL = https://datarouter-public-service-gamedev.ol.epicgames.net/datarouter/api/v1/public/data. AppVersion = 4.7.6-2513093+++depot+UE4-Releases+4.7
[2015.05.21-15.10.45:625][  0]LogAnalytics: SetUserId 06a592394ae99916f49c3d9c3c9f503a|b280ebf5e1b3428db734f63de3c232be|784865b8-3393-4bba-9a10-0fd663c4f742
[2015.05.21-15.10.45:625][  0]LogAnalytics: AnalyticsET::StartSession [Rocket.Release]
[2015.05.21-15.10.45:645][  0]LogInit: Transaction tracking system initialized
[2015.05.21-15.10.45:795][  0]BlueprintLog: New page: Editor Load
[2015.05.21-15.10.45:827][  0]LogAssetRegistry: FAssetRegistry took 0.0105 seconds to start up
[2015.05.21-15.10.45:827][  0]LogDirectoryWatcher:Warning: Failed to begin reading directory changes for ../../../Engine/Plugins/Experimental/CharacterAI/Content/. Error: 0
[2015.05.21-15.10.46:298][  0]LogTargetPlatformManager:Display: Building Assets For Windows
[2015.05.21-15.10.46:624][  0]LogTargetPlatformManager:Display: Building Assets For Windows
[2015.05.21-15.10.46:852][  0]LogSlate:Warning: Failed to load font data from '../../../Engine/Content/Editor/Slate/Fonts/Roboto-Regular.ttf'
[2015.05.21-15.10.46:853][  0]LogSlate:Warning: Failed to load font data from '../../../Engine/Content/Editor/Slate/Fonts/Roboto-Bold.ttf'
[2015.05.21-15.10.46:857][  0]LogConsoleResponse:Display: 
[2015.05.21-15.10.47:026][  0]LogCook:Display: Done creating registry. It took  0.00s.
[2015.05.21-15.10.47:164][  0]SourceControl: Info Source control is disabled
[2015.05.21-15.10.47:164][  0]Cmd: MAP LOAD FILE="../../../../../../Users/luisr_000/Documents/Unreal Projects/Project_Shadow/Content/SideScrollerBP/Maps/SideScrollerExampleMap.umap" TEMPLATE=0 SHOWPROGRESS=1 FEATURELEVEL=3
[2015.05.21-15.10.47:226][  0]LightingResults: New page: Lighting Build
[2015.05.21-15.10.47:238][  0]MapCheck: New page: Map Check
[2015.05.21-15.10.47:238][  0]LightingResults: New page: Lighting Build
[2015.05.21-15.10.47:245][  0]LogParticles: Destroying 0 GPU particle simulations for FXSystem 0x0000006987A82980
[2015.05.21-15.10.50:244][  0]LogEditorServer: Finished looking for orphan Actors (0.000 secs)
[2015.05.21-15.10.51:134][  0]LogAIModule: Creating AISystem for world SideScrollerExampleMap
[2015.05.21-15.10.51:153][  0]Cmd: MAP CHECKDEP
[2015.05.21-15.10.51:154][  0]MapCheck: New page: SideScrollerExampleMap - May 21, 2015, 7:10:51 AM
[2015.05.21-15.10.51:229][  0]MapCheck: Info Map check complete: 0 Error(s), 0 Warning(s), took 75.792ms to complete.
[2015.05.21-15.10.51:229][  0]LogFileHelpers: Loading map 'SideScrollerExampleMap' took 4.066
[2015.05.21-15.10.51:517][  0]LogCollectionManager: Loaded 0 collections in 0.001980 seconds
[2015.05.21-15.10.51:527][  0]LogContentBrowser: Native class hierarchy populated in 0.0100 seconds. Added 1696 classes and 261 folders.
[2015.05.21-15.10.51:597][  0]LogContentBrowser: Native class hierarchy updated for 'SceneOutliner' in 0.0018 seconds. Added 1 classes and 2 folders.
[2015.05.21-15.10.51:943][  0]LogCrashTracker: Crashtracker disabled due to settings.
[2015.05.21-15.10.51:944][  0]LogSlate:Warning: Failed to load font data from 'Veranda'
[2015.05.21-15.10.51:954][  0]LogUObjectGlobals:Warning: Failed to find object 'Class None.'
[2015.05.21-15.10.51:997][  0]LogLoad: Full Startup: 15.29 seconds (BP compile: 0.79 seconds)
[2015.05.21-15.10.52:377][  0]LogContentBrowser:Verbose: The content browser source was changed by the sources view to '/Game/SideScrollerBP/Blueprints'
[2015.05.21-15.10.52:494][  0]LogRenderer:Warning: Reallocating scene render targets to support 256x256 (Frame:1).
[2015.05.21-15.10.52:982][  0]LogRenderer:Warning: Reallocating scene render targets to support 1208x576 (Frame:4).
[2015.05.21-15.10.54:029][  4]LogAssetRegistry: Asset discovery search completed in 8.2135 seconds
[2015.05.21-15.18.36:112][977]LogEditorViewport: Clicking on Actor (LMB): StaticMeshActor (Floor)
[2015.05.21-15.18.36:228][977]LogEditorViewport: Clicking on Actor (double click): SideScrollerCharacter_C (SideScrollerCharacter)
[2015.05.21-15.18.39:183][115]Cmd: CAMERA ALIGN ACTIVEVIEWPORTONLY
[2015.05.21-15.18.42:488][275]LogEditorViewport: Clicking on Actor (LMB): StaticMeshActor (Pillar1)
[2015.05.21-15.18.45:725][435]LogEditorViewport: Clicking on Actor (LMB): SideScrollerCharacter_C (SideScrollerCharacter)
[2015.05.21-15.19.33:579][140]LogSavePackage: Save=578.235474ms
[2015.05.21-15.19.33:579][140]LogSavePackage: Moving '../../../../../../Users/luisr_000/Documents/Unreal Projects/Project_Shadow/Saved/SideScrollerCharacter40B773F7406854FB83DC288ED63848AA.tmp' to '../../../../../../Users/luisr_000/Documents/Unreal Projects/Project_Shadow/Content/SideScrollerBP/Blueprints/SideScrollerCharacter.uasset'
[2015.05.21-15.22.09:262][588]LogRenderer:Warning: Reallocating scene render targets to support 1208x904 (Frame:1562).
[2015.05.21-15.23.08:137][ 23]LogSavePackage: Save=267.701660ms
[2015.05.21-15.23.08:137][ 23]LogSavePackage: Moving '../../../../../../Users/luisr_000/Documents/Unreal Projects/Project_Shadow/Saved/SideScrollerCharacter33B75A9549BF7CBBFC374EAC388D2520.tmp' to '../../../../../../Users/luisr_000/Documents/Unreal Projects/Project_Shadow/Content/SideScrollerBP/Blueprints/SideScrollerCharacter.uasset'
[2015.05.21-15.25.10:407][641]LogActorComponent: UnregisterComponent: (/Engine/Transient.CharMoveComp) Not registered. Aborting.
[2015.05.21-15.25.12:268][727]LogSavePackage: Save=299.418640ms
[2015.05.21-15.25.12:268][727]LogSavePackage: Moving '../../../../../../Users/luisr_000/Documents/Unreal Projects/Project_Shadow/Saved/SideScrollerCharacter4F19A89F473E3B9CD7A57CBCCA0FD703.tmp' to '../../../../../../Users/luisr_000/Documents/Unreal Projects/Project_Shadow/Content/SideScrollerBP/Blueprints/SideScrollerCharacter.uasset'
[2015.05.21-15.26.26:936][559]LogSavePackage: Save=1758.751343ms
[2015.05.21-15.26.26:936][559]LogSavePackage: Moving '../../../../../../Users/luisr_000/Documents/Unreal Projects/Project_Shadow/Saved/SideScrollerExampleMap_Auto173C0649B419DB9FF43EB5688A63BD9EE.tmp' to '../../../../../../Users/luisr_000/Documents/Unreal Projects/Project_Shadow/Saved/Autosaves/Game/SideScrollerBP/Maps/SideScrollerExampleMap_Auto1.umap'
[2015.05.21-15.26.27:009][559]LogFileHelpers: Editor autosave (incl. sublevels) for '/Game/SideScrollerBP/Maps/SideScrollerExampleMap' took 1.969
[2015.05.21-15.26.27:009][559]LogFileHelpers: Editor autosave (incl. sublevels) for all levels took 1.969
[2015.05.21-15.26.27:045][559]OBJ SavePackage: Generating thumbnails for [1] asset(s) in package [/Game/SideScrollerBP/Blueprints/SideScrollerCharacter] ([1] browsable assets)...
[2015.05.21-15.26.27:070][559]OBJ SavePackage:     Rendered thumbnail for [Blueprint /Game/SideScrollerBP/Blueprints/SideScrollerCharacter.SideScrollerCharacter]
[2015.05.21-15.26.27:070][559]OBJ SavePackage: Finished generating thumbnails for package [/Game/SideScrollerBP/Blueprints/SideScrollerCharacter]
[2015.05.21-15.26.27:799][559]LogSavePackage: Save=712.263611ms
[2015.05.21-15.26.27:800][559]LogSavePackage: Moving '../../../../../../Users/luisr_000/Documents/Unreal Projects/Project_Shadow/Saved/SideScrollerCharacter_Auto14F182C114458AA0DFE72A4A12550D2C9.tmp' to '../../../../../../Users/luisr_000/Documents/Unreal Projects/Project_Shadow/Saved/Autosaves/Game/SideScrollerBP/Blueprints/SideScrollerCharacter_Auto1.uasset'
[2015.05.21-15.26.27:810][559]LogFileHelpers: Auto-saving content packages took 0.801
[2015.05.21-15.26.32:593][825]LogActorComponent: UnregisterComponent: (/Engine/Transient.CharMoveComp) Not registered. Aborting.
[2015.05.21-15.27.40:578][ 20]BlueprintLog: New page: Compile SideScrollerCharacter
[2015.05.21-15.27.40:932][ 20]BlueprintEditorCompileResults: Info [1024.22] Compile of SideScrollerCharacter successful! [in 354 ms]
[2015.05.21-15.27.42:006][ 42]LogSavePackage: Save=584.017822ms
[2015.05.21-15.27.42:006][ 42]LogSavePackage: Moving '../../../../../../Users/luisr_000/Documents/Unreal Projects/Project_Shadow/Saved/SideScrollerCharacterA2EF9348443300AF54D2B0B586F26B87.tmp' to '../../../../../../Users/luisr_000/Documents/Unreal Projects/Project_Shadow/Content/SideScrollerBP/Blueprints/SideScrollerCharacter.uasset'
[2015.05.21-15.27.45:789][199]LogActorComponent: UnregisterComponent: (/Engine/Transient.CharMoveComp) Not registered. Aborting.
[2015.05.21-15.27.47:742][199]LogSavePackage: Save=1769.918213ms
[2015.05.21-15.27.47:742][199]LogSavePackage: Moving '../../../../../../Users/luisr_000/Documents/Unreal Projects/Project_Shadow/Saved/SideScrollerExampleMap49A3D959492839E81D83E99F0556C52F.tmp' to '../../../../../../Users/luisr_000/Documents/Unreal Projects/Project_Shadow/Content/SideScrollerBP/Maps/SideScrollerExampleMap.umap'
[2015.05.21-15.27.47:803][199]LogFileHelpers: Saving map 'SideScrollerExampleMap' took 1.943
[2015.05.21-15.29.08:312][ 33]LogSavePackage: Save=1755.989136ms
[2015.05.21-15.29.08:312][ 33]LogSavePackage: Moving '../../../../../../Users/luisr_000/Documents/Unreal Projects/Project_Shadow/Saved/SideScrollerExampleMap1DD47FBE4D2BF9EDE8C7BA866B4C03B0.tmp' to '../../../../../../Users/luisr_000/Documents/Unreal Projects/Project_Shadow/Content/SideScrollerBP/Maps/SideScrollerExampleMap.umap'
[2015.05.21-15.29.08:360][ 33]LogFileHelpers: Saving map 'SideScrollerExampleMap' took 1.915
[2015.05.21-15.29.08:969][ 33]LogSavePackage: Save=581.314575ms
[2015.05.21-15.29.08:969][ 33]LogSavePackage: Moving '../../../../../../Users/luisr_000/Documents/Unreal Projects/Project_Shadow/Saved/SideScrollerCharacterFBF88BAC406307CFAF1140976F7D75C5.tmp' to '../../../../../../Users/luisr_000/Documents/Unreal Projects/Project_Shadow/Content/SideScrollerBP/Blueprints/SideScrollerCharacter.uasset'
[2015.05.21-15.29.54:332][686]LogActorComponent: UnregisterComponent: (/Engine/Transient.CharMoveComp) Not registered. Aborting.
[2015.05.21-15.32.17:181][598]BlueprintLog: New page: Compile SideScrollerCharacter
[2015.05.21-15.32.17:540][598]BlueprintEditorCompileResults: Info [1300.83] Compile of SideScrollerCharacter successful! [in 358 ms]
[2015.05.21-15.32.18:668][621]LogSavePackage: Save=607.321960ms
[2015.05.21-15.32.18:668][621]LogSavePackage: Moving '../../../../../../Users/luisr_000/Documents/Unreal Projects/Project_Shadow/Saved/SideScrollerCharacter92EB22194628D975CB3974B60EA72E62.tmp' to '../../../../../../Users/luisr_000/Documents/Unreal Projects/Project_Shadow/Content/SideScrollerBP/Blueprints/SideScrollerCharacter.uasset'
[2015.05.21-15.39.07:126][848]LogActorComponent: UnregisterComponent: (/Engine/Transient.CharMoveComp) Not registered. Aborting.
[2015.05.21-15.39.09:070][848]LogSavePackage: Save=1826.772217ms
[2015.05.21-15.39.09:070][848]LogSavePackage: Moving '../../../../../../Users/luisr_000/Documents/Unreal Projects/Project_Shadow/Saved/SideScrollerExampleMap_Auto21D38AA9F49BABC07CE0BECB1A380E8D1.tmp' to '../../../../../../Users/luisr_000/Documents/Unreal Projects/Project_Shadow/Saved/Autosaves/Game/SideScrollerBP/Maps/SideScrollerExampleMap_Auto2.umap'
[2015.05.21-15.39.09:102][848]LogFileHelpers: Editor autosave (incl. sublevels) for '/Game/SideScrollerBP/Maps/SideScrollerExampleMap' took 1.976
[2015.05.21-15.39.09:102][848]LogFileHelpers: Editor autosave (incl. sublevels) for all levels took 1.976
[2015.05.21-15.43.19:484][696]LogSavePackage: Save=270.515625ms
[2015.05.21-15.43.19:485][696]LogSavePackage: Moving '../../../../../../Users/luisr_000/Documents/Unreal Projects/Project_Shadow/Saved/SideScrollerCharacter4AFFF1F341F53CAF8E23DF9C308F3F66.tmp' to '../../../../../../Users/luisr_000/Documents/Unreal Projects/Project_Shadow/Content/SideScrollerBP/Blueprints/SideScrollerCharacter.uasset'
[2015.05.21-15.43.19:921][721]BlueprintLog: New page: Pre-PIE auto-recompile
[2015.05.21-15.43.19:924][721]LogPlayLevel: [PIE] Compiling SideScrollerExampleMap before PIE...
[2015.05.21-15.43.19:968][721]LogPlayLevel: [PIE] Compiling HUD_Bars before PIE...
[2015.05.21-15.43.20:032][721]LogPlayLevel: PIE:  Blueprint regeneration took 110 ms (2 blueprints)
[2015.05.21-15.43.20:032][721]PIE: New page: PIE session: SideScrollerExampleMap (May 21, 2015, 7:43:20 AM)
[2015.05.21-15.43.20:055][721]LogPlayLevel: PIE: StaticDuplicateObject took: (0.022525s)
[2015.05.21-15.43.20:056][721]LogPlayLevel: PIE: World Init took: (0.000931s)
[2015.05.21-15.43.20:056][721]LogPlayLevel: PIE: Created PIE world by copying editor world from /Game/SideScrollerBP/Maps/SideScrollerExampleMap.SideScrollerExampleMap to /Game/SideScrollerBP/Maps/UEDPIE_0_SideScrollerExampleMap.SideScrollerExampleMap (0.023698s)
[2015.05.21-15.43.20:142][721]LogWorld: Game class is 'SideScrollerGameMode_C'
[2015.05.21-15.43.20:144][721]LogAIModule: Creating AISystem for world SideScrollerExampleMap
[2015.05.21-15.43.20:151][721]LogWorld: Bringing World /Game/SideScrollerBP/Maps/UEDPIE_0_SideScrollerExampleMap.SideScrollerExampleMap up for play (max tick rate 60) at 2015.05.21-11.43.20
[2015.05.21-15.43.20:152][721]LogWorld: Bringing up level for play took: 0.006459
[2015.05.21-15.43.20:152][721]LogGameMode: Warning - PATHS NOT DEFINED or NO PLAYERSTART with positive rating
[2015.05.21-15.43.20:169][721]PIE: Info Play in editor start time for /Game/SideScrollerBP/Maps/UEDPIE_0_SideScrollerExampleMap -0.579
[2015.05.21-15.43.20:181][721]LogRenderer:Warning: Reallocating scene render targets to support 1296x904 (Frame:39273).
[2015.05.21-15.45.10:444][537]LogParticles: Destroying 0 GPU particle simulations for FXSystem 0x00000069CCBFE340
[2015.05.21-15.45.15:899][826]LogSavePackage: Save=263.386658ms
[2015.05.21-15.45.15:899][826]LogSavePackage: Moving '../../../../../../Users/luisr_000/Documents/Unreal Projects/Project_Shadow/Saved/SideScrollerCharacterF935169F4142A2E1DE69ACB91005FBD6.tmp' to '../../../../../../Users/luisr_000/Documents/Unreal Projects/Project_Shadow/Content/SideScrollerBP/Blueprints/SideScrollerCharacter.uasset'
[2015.05.21-15.48.05:457][248]BlueprintLog: New page: Compile SideScrollerCharacter
[2015.05.21-15.48.05:807][248]BlueprintEditorCompileResults: Info [2249.10] Compile of SideScrollerCharacter successful! [in 349 ms]
[2015.05.21-15.48.06:808][266]LogSavePackage: Save=581.213684ms
[2015.05.21-15.48.06:808][266]LogSavePackage: Moving '../../../../../../Users/luisr_000/Documents/Unreal Projects/Project_Shadow/Saved/SideScrollerCharacterC039AC414CBAA23FCEA935814456088E.tmp' to '../../../../../../Users/luisr_000/Documents/Unreal Projects/Project_Shadow/Content/SideScrollerBP/Blueprints/SideScrollerCharacter.uasset'
[2015.05.21-15.48.08:828][384]LogActorComponent: UnregisterComponent: (/Engine/Transient.CharMoveComp) Not registered. Aborting.
[2015.05.21-15.48.10:791][384]LogSavePackage: Save=1761.313354ms
[2015.05.21-15.48.10:791][384]LogSavePackage: Moving '../../../../../../Users/luisr_000/Documents/Unreal Projects/Project_Shadow/Saved/SideScrollerExampleMapCC77969D4E05CE22BC9DFCA2ECF03072.tmp' to '../../../../../../Users/luisr_000/Documents/Unreal Projects/Project_Shadow/Content/SideScrollerBP/Maps/SideScrollerExampleMap.umap'
[2015.05.21-15.48.10:842][384]LogFileHelpers: Saving map 'SideScrollerExampleMap' took 1.943
[2015.05.21-15.51.39:405][888]BlueprintLog: New page: Compile SideScrollerCharacter
[2015.05.21-15.51.39:766][888]BlueprintEditorCompileResults: Info [2463.06] Compile of SideScrollerCharacter successful! [in 361 ms]
[2015.05.21-15.51.41:011][921]LogSavePackage: Save=588.919983ms
[2015.05.21-15.51.41:011][921]LogSavePackage: Moving '../../../../../../Users/luisr_000/Documents/Unreal Projects/Project_Shadow/Saved/SideScrollerCharacter9A9BA597432AC12941233999884BAF86.tmp' to '../../../../../../Users/luisr_000/Documents/Unreal Projects/Project_Shadow/Content/SideScrollerBP/Blueprints/SideScrollerCharacter.uasset'
[2015.05.21-15.51.42:554][  8]LogActorComponent: UnregisterComponent: (/Engine/Transient.CharMoveComp) Not registered. Aborting.
[2015.05.21-15.51.44:554][  8]LogSavePackage: Save=1832.842407ms
[2015.05.21-15.51.44:555][  8]LogSavePackage: Moving '../../../../../../Users/luisr_000/Documents/Unreal Projects/Project_Shadow/Saved/SideScrollerExampleMap96C7FA2D4D63FA133103E8A8D48B546A.tmp' to '../../../../../../Users/luisr_000/Documents/Unreal Projects/Project_Shadow/Content/SideScrollerBP/Maps/SideScrollerExampleMap.umap'
[2015.05.21-15.51.44:603][  8]LogFileHelpers: Saving map 'SideScrollerExampleMap' took 1.991
[2015.05.21-15.51.47:205][125]Cmd: QUIT_EDITOR
[2015.05.21-15.51.47:413][125]LogExit: Preparing to exit.
[2015.05.21-15.51.48:136][125]LogExit: Editor shut down
[2015.05.21-15.51.48:136][125]LogExit: Transaction tracking system shut down
[2015.05.21-15.51.48:138][125]LogParticles: Destroying 0 GPU particle simulations for FXSystem 0x000000699121E0C0
[2015.05.21-15.51.48:138][125]LogParticles: Destroying 0 GPU particle simulations for FXSystem 0x00000069C9BEAB60
[2015.05.21-15.51.48:138][125]LogParticles: Destroying 0 GPU particle simulations for FXSystem 0x00000069C9FBC5E0
[2015.05.21-15.51.48:138][125]LogParticles: Destroying 0 GPU particle simulations for FXSystem 0x00000069CA083420
[2015.05.21-15.51.48:139][125]LogParticles: Destroying 0 GPU particle simulations for FXSystem 0x00000069E0E30CC0
[2015.05.21-15.51.48:139][125]LogParticles: Destroying 0 GPU particle simulations for FXSystem 0x00000069E0E32160
[2015.05.21-15.51.48:139][125]LogParticles: Destroying 0 GPU particle simulations for FXSystem 0x00000069E0E30F40
[2015.05.21-15.51.48:389][125]LogExit: Object subsystem successfully closed.
[2015.05.21-15.51.48:438][125]LogModuleManager: Shutting down and abandoning module CrashTracker (177)
[2015.05.21-15.51.48:439][125]LogModuleManager: Shutting down and abandoning module SuperSearch (176)
[2015.05.21-15.51.48:439][125]LogModuleManager: Shutting down and abandoning module SceneOutliner (175)
[2015.05.21-15.51.48:439][125]LogModuleManager: Shutting down and abandoning module EditorWidgets (174)
[2015.05.21-15.51.48:439][125]LogModuleManager: Shutting down and abandoning module CollectionManager (173)
[2015.05.21-15.51.48:439][125]LogModuleManager: Shutting down and abandoning module StatsViewer (172)
[2015.05.21-15.51.48:439][125]LogModuleManager: Shutting down and abandoning module FoliageEdit (171)
[2015.05.21-15.51.48:439][125]LogModuleManager: Shutting down and abandoning module LandscapeEditor (170)
[2015.05.21-15.51.48:439][125]LogModuleManager: Shutting down and abandoning module MeshPaint (169)
[2015.05.21-15.51.48:439][125]LogModuleManager: Shutting down and abandoning module ActorPickerMode (168)
[2015.05.21-15.51.48:439][125]LogModuleManager: Shutting down and abandoning module GeometryMode (167)
[2015.05.21-15.51.48:439][125]LogModuleManager: Shutting down and abandoning module TextureAlignMode (166)
[2015.05.21-15.51.48:439][125]LogModuleManager: Shutting down and abandoning module BspMode (165)
[2015.05.21-15.51.48:439][125]LogModuleManager: Shutting down and abandoning module PlacementMode (164)
[2015.05.21-15.51.48:439][125]LogModuleManager: Shutting down and abandoning module AutomationWorker (163)
[2015.05.21-15.51.48:439][125]LogModuleManager: Shutting down and abandoning module CharacterAI (162)
[2015.05.21-15.51.48:439][125]LogModuleManager: Shutting down and abandoning module SmartSnapping (161)
[2015.05.21-15.51.48:439][125]LogModuleManager: Shutting down and abandoning module ViewportSnapping (160)
[2015.05.21-15.51.48:439][125]LogModuleManager: Shutting down and abandoning module LogVisualizer (159)
[2015.05.21-15.51.48:439][125]LogModuleManager: Shutting down and abandoning module GameProjectGeneration (158)
[2015.05.21-15.51.48:439][125]LogModuleManager: Shutting down and abandoning module IntroTutorials (157)
[2015.05.21-15.51.48:439][125]LogModuleManager: Shutting down and abandoning module EditorLiveStreaming (156)
[2015.05.21-15.51.48:439][125]LogModuleManager: Shutting down and abandoning module HardwareTargeting (155)
[2015.05.21-15.51.48:439][125]LogModuleManager: Shutting down and abandoning module DeviceProfileEditor (154)
[2015.05.21-15.51.48:439][125]LogModuleManager: Shutting down and abandoning module UndoHistory (153)
[2015.05.21-15.51.48:439][125]LogModuleManager: Shutting down and abandoning module GameplayTagsEditor (152)
[2015.05.21-15.51.48:439][125]LogModuleManager: Shutting down and abandoning module UserFeedback (151)
[2015.05.21-15.51.48:439][125]LogModuleManager: Shutting down and abandoning module XmlParser (150)
[2015.05.21-15.51.48:439][125]LogModuleManager: Shutting down and abandoning module Blutility (149)
[2015.05.21-15.51.48:439][125]LogModuleManager: Shutting down and abandoning module IOSPlatformEditor (148)
[2015.05.21-15.51.48:439][125]LogModuleManager: Shutting down and abandoning module IOSRuntimeSettings (147)
[2015.05.21-15.51.48:439][125]LogModuleManager: Shutting down and abandoning module AndroidDeviceDetection (146)
[2015.05.21-15.51.48:963][125]LogModuleManager: Shutting down and abandoning module AndroidPlatformEditor (145)
[2015.05.21-15.51.48:963][125]LogModuleManager: Shutting down and abandoning module AndroidRuntimeSettings (144)
[2015.05.21-15.51.48:963][125]LogModuleManager: Shutting down and abandoning module ProjectTargetPlatformEditor (143)
[2015.05.21-15.51.48:963][125]LogModuleManager: Shutting down and abandoning module ProjectSettingsViewer (142)
[2015.05.21-15.51.48:963][125]LogModuleManager: Shutting down and abandoning module InputBindingEditor (141)
[2015.05.21-15.51.48:963][125]LogModuleManager: Shutting down and abandoning module EditorSettingsViewer (140)
[2015.05.21-15.51.48:963][125]LogModuleManager: Shutting down and abandoning module SettingsEditor (139)
[2015.05.21-15.51.48:963][125]LogModuleManager: Shutting down and abandoning module ProjectLauncher (138)
[2015.05.21-15.51.48:963][125]LogModuleManager: Shutting down and abandoning module SessionFrontend (137)
[2015.05.21-15.51.48:963][125]LogModuleManager: Shutting down and abandoning module ProfilerClient (136)
[2015.05.21-15.51.48:963][125]LogModuleManager: Shutting down and abandoning module TargetDeviceServices (135)
[2015.05.21-15.51.48:963][125]LogModuleManager: Shutting down and abandoning module DeviceManager (134)
[2015.05.21-15.51.48:964][125]LogModuleManager: Shutting down and abandoning module AutomationController (133)
[2015.05.21-15.51.48:964][125]LogModuleManager: Shutting down and abandoning module AutomationWindow (132)
[2015.05.21-15.51.48:964][125]LogModuleManager: Shutting down and abandoning module Layers (131)
[2015.05.21-15.51.48:964][125]LogModuleManager: Shutting down and abandoning module ComponentVisualizers (130)
[2015.05.21-15.51.48:964][125]LogModuleManager: Shutting down and abandoning module DetailCustomizations (129)
[2015.05.21-15.51.48:964][125]LogModuleManager: Shutting down and abandoning module PackagesDialog (128)
[2015.05.21-15.51.48:964][125]LogModuleManager: Shutting down and abandoning module AssetRegistry (127)
[2015.05.21-15.51.49:030][125]LogModuleManager: Shutting down and abandoning module Persona (126)
[2015.05.21-15.51.49:030][125]LogModuleManager: Shutting down and abandoning module SlateReflector (125)
[2015.05.21-15.51.49:030][125]LogModuleManager: Shutting down and abandoning module LevelEditor (124)
[2015.05.21-15.51.49:031][125]LogModuleManager: Shutting down and abandoning module Kismet (123)
[2015.05.21-15.51.49:031][125]LogModuleManager: Shutting down and abandoning module GraphEditor (122)
[2015.05.21-15.51.49:031][125]LogModuleManager: Shutting down and abandoning module ClassViewer (121)
[2015.05.21-15.51.49:031][125]LogModuleManager: Shutting down and abandoning module Toolbox (120)
[2015.05.21-15.51.49:031][125]LogModuleManager: Shutting down and abandoning module ModuleUI (119)
[2015.05.21-15.51.49:031][125]LogModuleManager: Shutting down and abandoning module MovieSceneTools (118)
[2015.05.21-15.51.49:031][125]LogModuleManager: Shutting down and abandoning module OutputLog (117)
[2015.05.21-15.51.49:031][125]LogModuleManager: Shutting down and abandoning module GammaUI (116)
[2015.05.21-15.51.49:031][125]LogModuleManager: Shutting down and abandoning module Documentation (115)
[2015.05.21-15.51.49:031][125]LogModuleManager: Shutting down and abandoning module GameLiveStreaming (114)
[2015.05.21-15.51.49:031][125]LogModuleManager: Shutting down and abandoning module StreamingPauseRendering (113)
[2015.05.21-15.51.49:031][125]LogModuleManager: Shutting down and abandoning module HTTP (112)
[2015.05.21-15.51.49:032][125]LogModuleManager: Shutting down and abandoning module AnalyticsET (111)
[2015.05.21-15.51.49:032][125]LogModuleManager: Shutting down and abandoning module Analytics (110)
[2015.05.21-15.51.49:032][125]LogModuleManager: Shutting down and abandoning module AITestSuite (109)
[2015.05.21-15.51.49:032][125]LogModuleManager: Shutting down and abandoning module GameplayDebugger (108)
[2015.05.21-15.51.49:032][125]LogModuleManager: Shutting down and abandoning module AIModule (107)
[2015.05.21-15.51.49:032][125]LogModuleManager: Shutting down and abandoning module ProfilerService (106)
[2015.05.21-15.51.49:121][125]LogModuleManager: Shutting down and abandoning module TaskGraph (105)
[2015.05.21-15.51.49:121][125]LogModuleManager: Shutting down and abandoning module SlateRemote (104)
[2015.05.21-15.51.49:121][125]LogModuleManager: Shutting down and abandoning module ScriptEditorPlugin (103)
[2015.05.21-15.51.49:121][125]LogModuleManager: Shutting down and abandoning module CustomMeshComponent (102)
[2015.05.21-15.51.49:121][125]LogModuleManager: Shutting down and abandoning module CableComponent (101)
[2015.05.21-15.51.49:121][125]LogModuleManager: Shutting down and abandoning module MessagingDebugger (100)
[2015.05.21-15.51.49:121][125]LogModuleManager: Shutting down and abandoning module MediaPlayerEditor (99)
[2015.05.21-15.51.49:121][125]LogModuleManager: Shutting down and abandoning module SpeedTreeImporter (98)
[2015.05.21-15.51.49:121][125]LogModuleManager: Shutting down and abandoning module PluginsEditor (97)
[2015.05.21-15.51.49:121][125]LogModuleManager: Shutting down and abandoning module MainFrame (96)
[2015.05.21-15.51.49:121][125]LogModuleManager: Shutting down and abandoning module EpicSurvey (95)
[2015.05.21-15.51.49:121][125]LogModuleManager: Shutting down and abandoning module DesktopPlatform (94)
[2015.05.21-15.51.49:121][125]LogModuleManager: Shutting down and abandoning module DirectoryWatcher (93)
[2015.05.21-15.51.49:122][125]LogModuleManager: Shutting down and abandoning module HotReload (92)
[2015.05.21-15.51.49:122][125]LogModuleManager: Shutting down and abandoning module VisualStudioSourceCodeAccess (91)
[2015.05.21-15.51.49:122][125]LogModuleManager: Shutting down and abandoning module UObjectPlugin (90)
[2015.05.21-15.51.49:122][125]LogModuleManager: Shutting down and abandoning module SubversionSourceControl (89)
[2015.05.21-15.51.49:122][125]LogModuleManager: Shutting down and abandoning module PerforceSourceControl (88)
[2015.05.21-15.51.49:122][125]LogModuleManager: Shutting down and abandoning module SourceControl (87)
[2015.05.21-15.51.49:122][125]LogModuleManager: Shutting down and abandoning module GitSourceControl (86)
[2015.05.21-15.51.49:122][125]LogModuleManager: Shutting down and abandoning module BlankPlugin (85)
[2015.05.21-15.51.49:122][125]LogModuleManager: Shutting down and abandoning module PaperTiledImporter (84)
[2015.05.21-15.51.49:122][125]LogModuleManager: Shutting down and abandoning module PaperJsonImporter (83)
[2015.05.21-15.51.49:122][125]LogModuleManager: Shutting down and abandoning module ContentBrowser (82)
[2015.05.21-15.51.49:123][125]LogModuleManager: Shutting down and abandoning module Paper2DEditor (81)
[2015.05.21-15.51.49:123][125]LogModuleManager: Shutting down and abandoning module ScriptPlugin (80)
[2015.05.21-15.51.49:123][125]LogModuleManager: Shutting down and abandoning module UdpMessaging (79)
[2015.05.21-15.51.49:234][125]LogModuleManager: Shutting down and abandoning module Paper2D (78)
[2015.05.21-15.51.49:234][125]LogModuleManager: Shutting down and abandoning module WindowsMoviePlayer (77)
[2015.05.21-15.51.49:236][125]LogModuleManager: Shutting down and abandoning module Media (76)
[2015.05.21-15.51.49:236][125]LogModuleManager: Shutting down and abandoning module WmfMedia (75)
[2015.05.21-15.51.49:236][125]LogModuleManager: Shutting down and abandoning module OnlineBlueprintSupport (74)
[2015.05.21-15.51.49:236][125]LogModuleManager: Shutting down and abandoning module PropertyEditor (73)
[2015.05.21-15.51.49:236][125]LogModuleManager: Shutting down and abandoning module BehaviorTreeEditor (72)
[2015.05.21-15.51.49:236][125]LogModuleManager: Shutting down and abandoning module FunctionalTesting (71)
[2015.05.21-15.51.49:236][125]LogModuleManager: Shutting down and abandoning module CollisionAnalyzer (70)
[2015.05.21-15.51.49:236][125]LogModuleManager: Shutting down and abandoning module WorkspaceMenuStructure (69)
[2015.05.21-15.51.49:236][125]LogModuleManager: Shutting down and abandoning module MessageLog (68)
[2015.05.21-15.51.49:236][125]LogModuleManager: Shutting down and abandoning module Sequencer (67)
[2015.05.21-15.51.49:236][125]LogModuleManager: Shutting down and abandoning module AssetTools (66)
[2015.05.21-15.51.49:236][125]LogModuleManager: Shutting down and abandoning module UMGEditor (65)
[2015.05.21-15.51.49:236][125]LogModuleManager: Shutting down and abandoning module UMG (64)
[2015.05.21-15.51.49:236][125]LogModuleManager: Shutting down and abandoning module Slate (63)
[2015.05.21-15.51.49:236][125]LogModuleManager: Shutting down and abandoning module EditorStyle (62)
[2015.05.21-15.51.49:240][125]LogModuleManager: Shutting down and abandoning module SessionServices (61)
[2015.05.21-15.51.49:240][125]LogModuleManager: Shutting down and abandoning module SourceCodeAccess (60)
[2015.05.21-15.51.49:240][125]LogModuleManager: Shutting down and abandoning module HeadMountedDisplay (59)
[2015.05.21-15.51.49:240][125]LogModuleManager: Shutting down and abandoning module XAudio2 (58)
[2015.05.21-15.51.49:240][125]LogModuleManager: Shutting down and abandoning module Networking (56)
[2015.05.21-15.51.49:240][125]LogModuleManager: Shutting down and abandoning module Core (55)
[2015.05.21-15.51.49:240][125]LogModuleManager: Shutting down and abandoning module KismetCompiler (54)
[2015.05.21-15.51.49:240][125]LogModuleManager: Shutting down and abandoning module PhysXFormats (53)
[2015.05.21-15.51.49:240][125]LogModuleManager: Shutting down and abandoning module MeshUtilities (52)
[2015.05.21-15.51.49:240][125]LogModuleManager: Shutting down and abandoning module DerivedDataCache (51)
[2015.05.21-15.51.49:291][125]LogDerivedDataCache: Shutdown
[2015.05.21-15.51.49:291][125]LogModuleManager: Shutting down and abandoning module ShaderFormatOpenGL (50)
[2015.05.21-15.51.49:291][125]LogModuleManager: Shutting down and abandoning module ShaderFormatD3D (49)
[2015.05.21-15.51.49:291][125]LogModuleManager: Shutting down and abandoning module MetalShaderFormat (48)
[2015.05.21-15.51.49:291][125]LogModuleManager: Shutting down and abandoning module TextureFormatUncompressed (47)
[2015.05.21-15.51.49:291][125]LogModuleManager: Shutting down and abandoning module TextureFormatPVR (46)
[2015.05.21-15.51.49:291][125]LogModuleManager: Shutting down and abandoning module TextureFormatIntelISPCTexComp (45)
[2015.05.21-15.51.49:291][125]LogModuleManager: Shutting down and abandoning module TextureFormatDXT (44)
[2015.05.21-15.51.49:291][125]LogModuleManager: Shutting down and abandoning module ImageWrapper (43)
[2015.05.21-15.51.49:291][125]LogModuleManager: Shutting down and abandoning module TextureFormatASTC (42)
[2015.05.21-15.51.49:291][125]LogModuleManager: Shutting down and abandoning module TextureFormatAndroid (41)
[2015.05.21-15.51.49:291][125]LogModuleManager: Shutting down and abandoning module AudioFormatOpus (40)
[2015.05.21-15.51.49:291][125]LogModuleManager: Shutting down and abandoning module AudioFormatOgg (39)
[2015.05.21-15.51.49:291][125]LogModuleManager: Shutting down and abandoning module AudioFormatADPCM (38)
[2015.05.21-15.51.49:291][125]LogModuleManager: Shutting down and abandoning module LinuxTargetPlatform (37)
[2015.05.21-15.51.49:291][125]LogModuleManager: Shutting down and abandoning module LinuxServerTargetPlatform (36)
[2015.05.21-15.51.49:291][125]LogModuleManager: Shutting down and abandoning module LinuxNoEditorTargetPlatform (35)
[2015.05.21-15.51.49:291][125]LogModuleManager: Shutting down and abandoning module Messaging (34)
[2015.05.21-15.51.49:291][125]LogModuleManager: Shutting down and abandoning module IOSTargetPlatform (33)
[2015.05.21-15.51.49:291][125]LogModuleManager: Shutting down and abandoning module HTML5TargetPlatform (32)
[2015.05.21-15.51.49:291][125]LogModuleManager: Shutting down and abandoning module Android_PVRTCTargetPlatform (31)
[2015.05.21-15.51.49:291][125]LogModuleManager: Shutting down and abandoning module Android_ETC2TargetPlatform (30)
[2015.05.21-15.51.49:291][125]LogModuleManager: Shutting down and abandoning module Android_ETC1TargetPlatform (29)
[2015.05.21-15.51.49:291][125]LogModuleManager: Shutting down and abandoning module Android_ES31TargetPlatform (28)
[2015.05.21-15.51.49:291][125]LogModuleManager: Shutting down and abandoning module Android_DXTTargetPlatform (27)
[2015.05.21-15.51.49:291][125]LogModuleManager: Shutting down and abandoning module Android_ATCTargetPlatform (26)
[2015.05.21-15.51.49:291][125]LogModuleManager: Shutting down and abandoning module AndroidTargetPlatform (25)
[2015.05.21-15.51.49:291][125]LogModuleManager: Shutting down and abandoning module WindowsTargetPlatform (24)
[2015.05.21-15.51.49:291][125]LogModuleManager: Shutting down and abandoning module WindowsServerTargetPlatform (23)
[2015.05.21-15.51.49:291][125]LogModuleManager: Shutting down and abandoning module WindowsNoEditorTargetPlatform (22)
[2015.05.21-15.51.49:291][125]LogModuleManager: Shutting down and abandoning module WindowsClientTargetPlatform (21)
[2015.05.21-15.51.49:291][125]LogModuleManager: Shutting down and abandoning module TargetPlatform (20)
[2015.05.21-15.51.49:291][125]LogModuleManager: Shutting down and abandoning module InputCore (19)
[2015.05.21-15.51.49:291][125]LogModuleManager: Shutting down and abandoning module Settings (18)
[2015.05.21-15.51.49:291][125]LogModuleManager: Shutting down and abandoning module OnlineSubsystem (16)
[2015.05.21-15.51.49:291][125]LogModuleManager: Shutting down and abandoning module OculusRift (15)
[2015.05.21-15.51.49:291][125]LogModuleManager: Shutting down and abandoning module ExampleDeviceProfileSelector (14)
[2015.05.21-15.51.49:291][125]LogModuleManager: Shutting down and abandoning module TextureCompressor (13)
[2015.05.21-15.51.49:291][125]LogModuleManager: Shutting down and abandoning module ShaderCore (12)
[2015.05.21-15.51.49:291][125]LogModuleManager: Shutting down and abandoning module Landscape (11)
[2015.05.21-15.51.49:291][125]LogModuleManager: Shutting down and abandoning module SlateRHIRenderer (10)
[2015.05.21-15.51.49:298][125]LogModuleManager: Shutting down and abandoning module OpenGLDrv (9)
[2015.05.21-15.51.49:298][125]LogModuleManager: Shutting down and abandoning module D3D11RHI (8)
[2015.05.21-15.51.49:298][125]LogModuleManager: Shutting down and abandoning module Renderer (7)
[2015.05.21-15.51.49:298][125]LogModuleManager: Shutting down and abandoning module Engine (6)
[2015.05.21-15.51.49:298][125]LogModuleManager: Shutting down and abandoning module CoreUObject (5)
[2015.05.21-15.51.49:298][125]LogModuleManager: Shutting down and abandoning module NetworkFile (4)
[2015.05.21-15.51.49:298][125]LogModuleManager: Shutting down and abandoning module StreamingFile (3)
[2015.05.21-15.51.49:298][125]LogModuleManager: Shutting down and abandoning module SandboxFile (2)
[2015.05.21-15.51.49:298][125]LogModuleManager: Shutting down and abandoning module PakFile (1)
[2015.05.21-15.51.49:299][125]LogExit: Exiting.
[2015.05.21-15.51.49:303][125]Log file closed, 05/21/15 11:51:49
