Log file open, 05/19/15 02:30:56
LogInit:Display: Running engine for game: Project_Shadow
LogInit: Version: 4.7.6-2513093+++depot+UE4-Releases+4.7
LogInit: API Version: 2455222
LogInit: Compiled (64-bit): Apr 15 2015 12:09:54
LogInit: Compiled with Visual C++: 18.00.21005.01
LogInit: Build Configuration: Development
LogInit: Branch Name: ++depot+UE4-Releases+4.7
LogInit: Command line:  
LogInit: Base directory: C:/Program Files/Unreal Engine/4.7/Engine/Binaries/Win64/
LogInit: Rocket: 1
[2015.05.19-06.30.56:002][  0]LogTaskGraph: Started task graph with 3 named threads and 6 total threads.
[2015.05.19-06.30.56:057][  0]LogOnline:Warning: No default platform service specified for OnlineSubsystem
[2015.05.19-06.30.56:126][  0]LogInit: Presizing for 0 objects not considered by GC, pre-allocating 0 bytes.
[2015.05.19-06.30.56:135][  0]LogInit: Object subsystem initialized
[2015.05.19-06.30.56:137][  0]LogConsoleResponse:Warning: Skipping Unknown console variable: 'TranslucentSortAxis = (X=0.000000,Y=-1.000000,Z=0.000000)'
[2015.05.19-06.30.56:137][  0]LogConsoleResponse:Warning:   Found in ini file 'C:/Users/luisr_000/Documents/Unreal Projects/Project_Shadow/Saved/Config/Windows/Engine.ini', in section '[/Script/Engine.RendererSettings]'
[2015.05.19-06.30.56:137][  0]LogConsoleResponse:Warning: Skipping Unknown console variable: 'UIScaleRule = ShortestSide'
[2015.05.19-06.30.56:137][  0]LogConsoleResponse:Warning:   Found in ini file 'C:/Users/luisr_000/Documents/Unreal Projects/Project_Shadow/Saved/Config/Windows/Engine.ini', in section '[/Script/Engine.RendererSettings]'
[2015.05.19-06.30.56:137][  0]LogConsoleResponse:Warning: Skipping Unknown console variable: 'UIScaleCurve = (EditorCurveData=(Keys=),ExternalCurve=None)'
[2015.05.19-06.30.56:137][  0]LogConsoleResponse:Warning:   Found in ini file 'C:/Users/luisr_000/Documents/Unreal Projects/Project_Shadow/Saved/Config/Windows/Engine.ini', in section '[/Script/Engine.RendererSettings]'
[2015.05.19-06.30.56:137][  0]LogInit: Selected Device Profile: [Windows]
[2015.05.19-06.30.56:137][  0]LogInit: Applying CVar settings loaded from the selected device profile: [Windows]
[2015.05.19-06.30.56:164][  0]LogInit: Computer: LOU
[2015.05.19-06.30.56:164][  0]LogInit: User: LouIII
[2015.05.19-06.30.56:164][  0]LogInit: CPU Page size=4096, Cores=4
[2015.05.19-06.30.56:164][  0]LogInit: High frequency timer resolution =2.338337 MHz
[2015.05.19-06.30.56:164][  0]LogMemory: Memory total: Physical=15.9GB (16GB approx) Virtual=131072.0GB
[2015.05.19-06.30.56:164][  0]LogMemory: Platform Memory Stats for Windows
[2015.05.19-06.30.56:164][  0]LogMemory: Process Physical Memory: 46.48 MB used, 46.48 MB peak
[2015.05.19-06.30.56:164][  0]LogMemory: Process Virtual Memory: 26.81 MB used, 26.81 MB peak
[2015.05.19-06.30.56:164][  0]LogMemory: Physical Memory: 5437.41 MB used, 16303.71 MB total
[2015.05.19-06.30.56:164][  0]LogMemory: Virtual Memory: 289.43 MB used, 134217728.00 MB total
[2015.05.19-06.30.56:212][  0]LogD3D11RHI: Found D3D11 adapter 0: NVIDIA GeForce GTX 765M     (Feature Level 11_0)
[2015.05.19-06.30.56:212][  0]LogD3D11RHI: Adapter has 1988MB of dedicated video memory, 0MB of dedicated system memory, and 2048MB of shared system memory, 1 output[s]
[2015.05.19-06.30.56:226][  0]LogD3D11RHI: Found D3D11 adapter 1: NVIDIA GeForce GTX 765M     (Feature Level 11_0)
[2015.05.19-06.30.56:226][  0]LogD3D11RHI: Adapter has 1988MB of dedicated video memory, 0MB of dedicated system memory, and 2048MB of shared system memory, 0 output[s]
[2015.05.19-06.30.56:227][  0]LogD3D11RHI: Found D3D11 adapter 2: Microsoft Basic Render Driver (Feature Level 11_0)
[2015.05.19-06.30.56:227][  0]LogD3D11RHI: Adapter has 1988MB of dedicated video memory, 0MB of dedicated system memory, and 2048MB of shared system memory, 0 output[s]
[2015.05.19-06.30.56:227][  0]LogD3D11RHI: Chosen D3D11 Adapter Id = 0
[2015.05.19-06.30.56:246][  0]LogRHI: Texture pool is 1361 MB (70% of 1945 MB)
[2015.05.19-06.30.56:259][  0]LogD3D11RHI: Async texture creation enabled
[2015.05.19-06.30.56:895][  0]LogTextLocalizationManager: The requested culture ('en_US') has no localization data; parent culture's ('en') localization data will be used.
[2015.05.19-06.30.56:960][  0]LogTextLocalizationManager:Warning: Loading localization resources contain conflicting entries for (Namespace:UICommands, Key:Save_ToolTip):
Resource: (C:/Program Files/Unreal Engine/4.7/Engine/Content/Localization/Editor/en/Editor.locres) Hash: (-29098895) String: (Saves the current level to disk)
Resource: (C:/Program Files/Unreal Engine/4.7/Engine/Content/Localization/Engine/en/Engine.locres) Hash: (-1280300587) String: (Save selected data to vlog file)
[2015.05.19-06.30.56:960][  0]LogTextLocalizationManager:Warning: Loading localization resources contain conflicting entries for (Namespace:ContentBrowser, Key:ImportAssetToolTip):
Resource: (C:/Program Files/Unreal Engine/4.7/Engine/Content/Localization/Editor/en/Editor.locres) Hash: (-630476809) String: (Import to {0}...)
Resource: (C:/Program Files/Unreal Engine/4.7/Engine/Content/Localization/Editor/en/Editor.locres) Hash: (1271782899) String: (Imports an asset from file to this folder.)
[2015.05.19-06.30.57:035][  0]LogContentStreaming: Texture pool size is 0.000000MB
[2015.05.19-06.31.02:660][  0]LogTargetPlatformManager:Display: Building Assets For Windows
[2015.05.19-06.31.03:848][  0]LogTargetPlatformManager:Display: Building Assets For Windows
[2015.05.19-06.31.03:964][  0]LogDerivedDataCache:Display: Max Cache Size: 512 MB
[2015.05.19-06.31.04:358][  0]LogDerivedDataCache: Loaded boot cache 0.39s 39MB C:/Users/luisr_000/AppData/Local/UnrealEngine/4.7/DerivedDataCache/Boot.ddc.
[2015.05.19-06.31.04:358][  0]LogDerivedDataCache:Display: Loaded Boot cache: C:/Users/luisr_000/AppData/Local/UnrealEngine/4.7/DerivedDataCache/Boot.ddc
[2015.05.19-06.31.04:358][  0]LogDerivedDataCache: FDerivedDataBackendGraph:  Pak pak cache file ../../../../../../Users/luisr_000/Documents/Unreal Projects/Project_Shadow/DerivedDataCache/DDC.ddp not found, will not use a pak cache.
[2015.05.19-06.31.04:358][  0]LogDerivedDataCache: Unable to find inner node Pak for hierarchical cache Hierarchy.
[2015.05.19-06.31.04:488][  0]LogDerivedDataCache:Display: Pak cache opened for reading ../../../Engine/DerivedDataCache/Compressed.ddp.
[2015.05.19-06.31.04:518][  0]LogDerivedDataCache: Using Local data cache path C:/Users/luisr_000/AppData/Local/UnrealEngine/Common/DerivedDataCache: Writable
[2015.05.19-06.31.13:824][  0]LogMeshUtilities: No automatic mesh reduction module available
[2015.05.19-06.31.13:825][  0]LogMeshUtilities: No automatic mesh merging module available
[2015.05.19-06.31.18:961][  0]LogInit: WinSock: version 1.1 (2.2), MaxSocks=32767, MaxUdp=65467
[2015.05.19-06.31.19:319][  0]LogSlate:Warning: Failed to load font data from '../../../Engine/Content/Slate/Fonts/Roboto-Italic.ttf'
[2015.05.19-06.31.50:400][  0]UdpMessaging: Initializing bridge on interface 0.0.0.0:0 to multicast group 230.0.0.1:6666.
[2015.05.19-06.31.51:192][  0]SourceControl: Info Source control is disabled
[2015.05.19-06.31.51:204][  0]SourceControl: Info Source control is disabled
[2015.05.19-06.31.51:204][  0]SourceControl: Info Source control is disabled
[2015.05.19-06.31.51:204][  0]LogSourceControl: RunCommandInternalRaw: 'git version'
[2015.05.19-06.31.51:204][  0]LogSourceControl: RunCommandInternalRaw: ExecProcess ReturnCode=2 OutResults=''
[2015.05.19-06.31.51:212][  0]SourceControl: Info Source control is disabled
[2015.05.19-06.31.52:330][  0]LogObj: 24232 objects as part of root set at end of initial load.
[2015.05.19-06.31.52:330][  0]LogUObjectAllocator: 5137176 out of 0 bytes used by permanent object pool.
[2015.05.19-06.31.52:926][  0]LogEngine: Initializing Engine...
[2015.05.19-06.31.55:980][  0]LogInit: XAudio2 using 'Philips FTV (Intel(R) Display Audio)' : 2 channels at 48 kHz using 16 bits per sample (channel mask 0x3)
[2015.05.19-06.31.56:057][  0]LogInit: FAudioDevice initialized.
[2015.05.19-06.31.56:542][  0]LogAIModule: Creating AISystem for world NewWorld
[2015.05.19-06.31.56:620][  0]LogDerivedDataCache: Saved boot cache 0.02s 39MB C:/Users/luisr_000/AppData/Local/UnrealEngine/4.7/DerivedDataCache/Boot.ddc.
[2015.05.19-06.31.56:631][  0]LogInit: Texture streaming: Enabled
[2015.05.19-06.31.57:758][  0]LogAnalytics: Creating configured Analytics provider AnalyticsET
[2015.05.19-06.31.57:758][  0]LogAnalytics: ET APIKey = Rocket.Release. APIServer = http://et2.epicgames.com/ET2/. AppVersion = 4.7.6-2513093+++depot+UE4-Releases+4.7
[2015.05.19-06.31.57:758][  0]LogAnalytics: ET APIKey = Rocket.Release. DataRouterUploadURL = https://datarouter-public-service-gamedev.ol.epicgames.net/datarouter/api/v1/public/data. AppVersion = 4.7.6-2513093+++depot+UE4-Releases+4.7
[2015.05.19-06.31.57:758][  0]LogAnalytics: SetUserId 06a592394ae99916f49c3d9c3c9f503a|b280ebf5e1b3428db734f63de3c232be|784865b8-3393-4bba-9a10-0fd663c4f742
[2015.05.19-06.31.57:758][  0]LogAnalytics: AnalyticsET::StartSession [Rocket.Release]
[2015.05.19-06.31.57:873][  0]LogInit: Transaction tracking system initialized
[2015.05.19-06.31.58:418][  0]BlueprintLog: New page: Editor Load
[2015.05.19-06.31.58:513][  0]LogAssetRegistry: FAssetRegistry took 0.0128 seconds to start up
[2015.05.19-06.31.58:513][  0]LogDirectoryWatcher:Warning: Failed to begin reading directory changes for ../../../Engine/Plugins/Experimental/CharacterAI/Content/. Error: 0
[2015.05.19-06.32.01:136][  0]LogTargetPlatformManager:Display: Building Assets For Windows
[2015.05.19-06.32.01:528][  0]LogTargetPlatformManager:Display: Building Assets For Windows
[2015.05.19-06.32.02:234][  0]LogSlate:Warning: Failed to load font data from '../../../Engine/Content/Editor/Slate/Fonts/Roboto-Regular.ttf'
[2015.05.19-06.32.02:235][  0]LogSlate:Warning: Failed to load font data from '../../../Engine/Content/Editor/Slate/Fonts/Roboto-Bold.ttf'
[2015.05.19-06.32.02:390][  0]LogConsoleResponse:Display: 
[2015.05.19-06.32.03:832][  0]LogCook:Display: Done creating registry. It took  0.00s.
[2015.05.19-06.32.04:710][  0]SourceControl: Info Source control is disabled
[2015.05.19-06.32.04:710][  0]Cmd: MAP LOAD FILE="../../../../../../Users/luisr_000/Documents/Unreal Projects/Project_Shadow/Content/SideScrollerBP/Maps/SideScrollerExampleMap.umap" TEMPLATE=0 SHOWPROGRESS=1 FEATURELEVEL=3
[2015.05.19-06.32.04:740][  0]LightingResults: New page: Lighting Build
[2015.05.19-06.32.04:800][  0]MapCheck: New page: Map Check
[2015.05.19-06.32.04:800][  0]LightingResults: New page: Lighting Build
[2015.05.19-06.32.04:949][  0]LogParticles: Destroying 0 GPU particle simulations for FXSystem 0x0000008B8FEE2980
[2015.05.19-06.32.09:082][  0]LogEditorServer: Finished looking for orphan Actors (0.000 secs)
[2015.05.19-06.32.10:023][  0]LogAIModule: Creating AISystem for world SideScrollerExampleMap
[2015.05.19-06.32.10:024][  0]Cmd: MAP CHECKDEP
[2015.05.19-06.32.10:038][  0]MapCheck: New page: SideScrollerExampleMap - May 18, 2015, 10:32:10 PM
[2015.05.19-06.32.10:110][  0]MapCheck: Info Map check complete: 0 Error(s), 0 Warning(s), took 86.161ms to complete.
[2015.05.19-06.32.10:110][  0]LogFileHelpers: Loading map 'SideScrollerExampleMap' took 5.400
[2015.05.19-06.32.11:239][  0]LogCollectionManager: Loaded 0 collections in 0.001967 seconds
[2015.05.19-06.32.11:260][  0]LogContentBrowser: Native class hierarchy populated in 0.0202 seconds. Added 1696 classes and 261 folders.
[2015.05.19-06.32.11:396][  0]LogContentBrowser: Native class hierarchy updated for 'SceneOutliner' in 0.0018 seconds. Added 1 classes and 2 folders.
[2015.05.19-06.32.11:914][  0]LogCrashTracker: Crashtracker disabled due to settings.
[2015.05.19-06.32.11:958][  0]LogSlate:Warning: Failed to load font data from 'Veranda'
[2015.05.19-06.32.12:035][  0]LogUObjectGlobals:Warning: Failed to find object 'Class None.'
[2015.05.19-06.32.12:187][  0]LogLoad: Full Startup: 79.94 seconds (BP compile: 0.63 seconds)
[2015.05.19-06.32.12:692][  0]LogContentBrowser:Verbose: The content browser source was changed by the sources view to '/Game/SideScrollerBP'
[2015.05.19-06.32.13:122][  0]LogRenderer:Warning: Reallocating scene render targets to support 32x32 (Frame:2).
[2015.05.19-06.32.13:543][  0]LogRenderer:Warning: Reallocating scene render targets to support 1208x576 (Frame:3).
[2015.05.19-06.32.14:910][  5]LogAssetRegistry: Asset discovery search completed in 16.4103 seconds
[2015.05.19-06.35.17:914][667]LogPlayLevel: PIE:  No blueprints needed recompiling
[2015.05.19-06.35.17:914][667]PIE: New page: PIE session: SideScrollerExampleMap (May 18, 2015, 10:35:17 PM)
[2015.05.19-06.35.17:934][667]LogPlayLevel: PIE: StaticDuplicateObject took: (0.019785s)
[2015.05.19-06.35.17:937][667]LogPlayLevel: PIE: World Init took: (0.002393s)
[2015.05.19-06.35.17:937][667]LogPlayLevel: PIE: Created PIE world by copying editor world from /Game/SideScrollerBP/Maps/SideScrollerExampleMap.SideScrollerExampleMap to /Game/SideScrollerBP/Maps/UEDPIE_0_SideScrollerExampleMap.SideScrollerExampleMap (0.022756s)
[2015.05.19-06.35.18:064][667]LogWorld: Game class is 'SideScrollerGameMode_C'
[2015.05.19-06.35.18:162][667]LogAIModule: Creating AISystem for world SideScrollerExampleMap
[2015.05.19-06.35.18:168][667]LogWorld: Bringing World /Game/SideScrollerBP/Maps/UEDPIE_0_SideScrollerExampleMap.SideScrollerExampleMap up for play (max tick rate 60) at 2015.05.19-02.35.18
[2015.05.19-06.35.18:169][667]LogWorld: Bringing up level for play took: 0.006415
[2015.05.19-06.35.18:173][667]PIE: Info Play in editor start time for /Game/SideScrollerBP/Maps/UEDPIE_0_SideScrollerExampleMap -0.108
[2015.05.19-06.35.24:031][  1]LogParticles: Destroying 0 GPU particle simulations for FXSystem 0x0000008BE927C9A0
[2015.05.19-06.35.26:925][158]MapCheck: New page: Map Check
[2015.05.19-06.35.26:948][158]LightingResults: New page: Lighting Build - May 18, 2015, 10:35:26 PM
[2015.05.19-06.35.44:446][158]LogStaticLightingSystem: Running Lightmass w/ ImmediateImport mode ENABLED
[2015.05.19-06.35.44:446][158]LogStaticLightingSystem: Running Lightmass w/ ImmediateProcess mode ENABLED
[2015.05.19-06.35.44:446][158]LogStaticLightingSystem: Running Lightmass w/ Sorting mode ENABLED
[2015.05.19-06.35.44:446][158]LogStaticLightingSystem: Running Lightmass w/ Mapping paddings ENABLED
[2015.05.19-06.35.44:446][158]LogStaticLightingSystem: Running Lightmass w/ Mapping debug paddings DISABLED
[2015.05.19-06.35.45:110][158]LogEditorBuildUtils: Build time 0:00:18
[2015.05.19-06.35.45:171][158]LogMaterial: Missing cached shader map for material FLightmassMaterialRenderer MaterialInstanceDynamic_3, compiling. 
[2015.05.19-06.35.45:190][158]LogMaterial: Missing cached shader map for material FLightmassMaterialRenderer MaterialInstanceDynamic_3, compiling. 
[2015.05.19-06.35.45:321][159]LogMaterial: Missing cached shader map for material FLightmassMaterialRenderer CubeMaterial, compiling. 
[2015.05.19-06.35.45:427][159]LogMaterial: Missing cached shader map for material FLightmassMaterialRenderer CubeMaterial, compiling. 
[2015.05.19-06.35.45:618][160]LogMaterial: Missing cached shader map for material FLightmassMaterialRenderer shark_tex, compiling. 
[2015.05.19-06.35.45:760][160]LogMaterial: Missing cached shader map for material FLightmassMaterialRenderer shark_tex, compiling. 
[2015.05.19-06.35.45:848][161]LogMaterial: Missing cached shader map for material FLightmassMaterialRenderer sharkEye_tex, compiling. 
[2015.05.19-06.35.45:897][161]LogMaterial: Missing cached shader map for material FLightmassMaterialRenderer sharkEye_tex, compiling. 
[2015.05.19-06.35.45:960][162]LogMaterial: Missing cached shader map for material FLightmassMaterialRenderer WorldGridMaterial, compiling. Is special engine material.
[2015.05.19-06.35.46:001][162]LogMaterial: Missing cached shader map for material FLightmassMaterialRenderer WorldGridMaterial, compiling. Is special engine material.
[2015.05.19-06.35.51:707][172]Job has failed! Job executable didn't exit cleanly. Exit code: 1
[2015.05.19-06.36.01:101][327]LogPlayLevel: PIE:  No blueprints needed recompiling
[2015.05.19-06.36.01:101][327]PIE: New page: PIE session: SideScrollerExampleMap (May 18, 2015, 10:36:01 PM)
[2015.05.19-06.36.01:120][327]LogPlayLevel: PIE: StaticDuplicateObject took: (0.018781s)
[2015.05.19-06.36.01:121][327]LogPlayLevel: PIE: World Init took: (0.000820s)
[2015.05.19-06.36.01:121][327]LogPlayLevel: PIE: Created PIE world by copying editor world from /Game/SideScrollerBP/Maps/SideScrollerExampleMap.SideScrollerExampleMap to /Game/SideScrollerBP/Maps/UEDPIE_0_SideScrollerExampleMap.SideScrollerExampleMap (0.019864s)
[2015.05.19-06.36.01:172][327]LogWorld: Game class is 'SideScrollerGameMode_C'
[2015.05.19-06.36.01:174][327]LogAIModule: Creating AISystem for world SideScrollerExampleMap
[2015.05.19-06.36.01:180][327]LogWorld: Bringing World /Game/SideScrollerBP/Maps/UEDPIE_0_SideScrollerExampleMap.SideScrollerExampleMap up for play (max tick rate 60) at 2015.05.19-02.36.01
[2015.05.19-06.36.01:180][327]LogWorld: Bringing up level for play took: 0.005905
[2015.05.19-06.36.01:182][327]PIE: Info Play in editor start time for /Game/SideScrollerBP/Maps/UEDPIE_0_SideScrollerExampleMap 0.901
[2015.05.19-06.36.25:401][779]Set new viewmode: Wireframe
[2015.05.19-06.36.26:352][836]Set new viewmode: Wireframe
[2015.05.19-06.36.27:285][892]Set new viewmode: Unlit
[2015.05.19-06.36.27:618][912]Set new viewmode: Lit
[2015.05.19-06.36.28:368][957]Error: view mode not recognized: detaillighting
[2015.05.19-06.36.28:735][979]Set new viewmode: Lit
[2015.05.19-06.36.29:151][  4]Set new viewmode: Unlit
[2015.05.19-06.36.30:385][ 78]Set new viewmode: Lit
[2015.05.19-06.36.30:885][108]Error: view mode not recognized: detaillighting
[2015.05.19-06.36.31:568][149]Set new viewmode: Lit
[2015.05.19-06.36.32:168][185]Set new viewmode: Unlit
[2015.05.19-06.36.32:485][204]Set new viewmode: Wireframe
[2015.05.19-06.36.33:219][248]Set new viewmode: Lit
[2015.05.19-06.36.33:885][288]Set new viewmode: Lit
[2015.05.19-06.36.34:235][309]Error: view mode not recognized: detaillighting
[2015.05.19-06.36.38:362][554]LogParticles: Destroying 0 GPU particle simulations for FXSystem 0x0000008B99FECE00
[2015.05.19-06.36.47:266][ 32]LogEditorViewport: Clicking on Actor (LMB): SideScrollerCharacter_C (SideScrollerCharacter)
[2015.05.19-06.37.18:307][550]Cmd: QUIT_EDITOR
[2015.05.19-06.37.18:530][550]LogExit: Preparing to exit.
[2015.05.19-06.37.19:647][550]LogExit: Editor shut down
[2015.05.19-06.37.19:647][550]LogExit: Transaction tracking system shut down
[2015.05.19-06.37.19:649][550]LogParticles: Destroying 0 GPU particle simulations for FXSystem 0x0000008B9A049BC0
[2015.05.19-06.37.19:650][550]LogParticles: Destroying 0 GPU particle simulations for FXSystem 0x0000008BCF5127A0
[2015.05.19-06.37.19:650][550]LogParticles: Destroying 0 GPU particle simulations for FXSystem 0x0000008BCF393BA0
[2015.05.19-06.37.19:650][550]LogParticles: Destroying 0 GPU particle simulations for FXSystem 0x0000008BCEC2A020
[2015.05.19-06.37.19:650][550]LogParticles: Destroying 0 GPU particle simulations for FXSystem 0x0000008BA29B6D40
[2015.05.19-06.37.19:650][550]LogParticles: Destroying 0 GPU particle simulations for FXSystem 0x0000008BA29B5580
[2015.05.19-06.37.19:929][550]LogExit: Object subsystem successfully closed.
[2015.05.19-06.37.20:083][550]LogModuleManager: Shutting down and abandoning module CrashTracker (177)
[2015.05.19-06.37.20:083][550]LogModuleManager: Shutting down and abandoning module SuperSearch (176)
[2015.05.19-06.37.20:083][550]LogModuleManager: Shutting down and abandoning module SceneOutliner (175)
[2015.05.19-06.37.20:083][550]LogModuleManager: Shutting down and abandoning module EditorWidgets (174)
[2015.05.19-06.37.20:083][550]LogModuleManager: Shutting down and abandoning module CollectionManager (173)
[2015.05.19-06.37.20:083][550]LogModuleManager: Shutting down and abandoning module StatsViewer (172)
[2015.05.19-06.37.20:083][550]LogModuleManager: Shutting down and abandoning module FoliageEdit (171)
[2015.05.19-06.37.20:083][550]LogModuleManager: Shutting down and abandoning module LandscapeEditor (170)
[2015.05.19-06.37.20:084][550]LogModuleManager: Shutting down and abandoning module MeshPaint (169)
[2015.05.19-06.37.20:084][550]LogModuleManager: Shutting down and abandoning module ActorPickerMode (168)
[2015.05.19-06.37.20:084][550]LogModuleManager: Shutting down and abandoning module GeometryMode (167)
[2015.05.19-06.37.20:084][550]LogModuleManager: Shutting down and abandoning module TextureAlignMode (166)
[2015.05.19-06.37.20:084][550]LogModuleManager: Shutting down and abandoning module BspMode (165)
[2015.05.19-06.37.20:084][550]LogModuleManager: Shutting down and abandoning module PlacementMode (164)
[2015.05.19-06.37.20:084][550]LogModuleManager: Shutting down and abandoning module AutomationWorker (163)
[2015.05.19-06.37.20:084][550]LogModuleManager: Shutting down and abandoning module CharacterAI (162)
[2015.05.19-06.37.20:084][550]LogModuleManager: Shutting down and abandoning module SmartSnapping (161)
[2015.05.19-06.37.20:084][550]LogModuleManager: Shutting down and abandoning module ViewportSnapping (160)
[2015.05.19-06.37.20:084][550]LogModuleManager: Shutting down and abandoning module LogVisualizer (159)
[2015.05.19-06.37.20:084][550]LogModuleManager: Shutting down and abandoning module GameProjectGeneration (158)
[2015.05.19-06.37.20:084][550]LogModuleManager: Shutting down and abandoning module IntroTutorials (157)
[2015.05.19-06.37.20:084][550]LogModuleManager: Shutting down and abandoning module EditorLiveStreaming (156)
[2015.05.19-06.37.20:084][550]LogModuleManager: Shutting down and abandoning module HardwareTargeting (155)
[2015.05.19-06.37.20:084][550]LogModuleManager: Shutting down and abandoning module DeviceProfileEditor (154)
[2015.05.19-06.37.20:084][550]LogModuleManager: Shutting down and abandoning module UndoHistory (153)
[2015.05.19-06.37.20:084][550]LogModuleManager: Shutting down and abandoning module GameplayTagsEditor (152)
[2015.05.19-06.37.20:084][550]LogModuleManager: Shutting down and abandoning module UserFeedback (151)
[2015.05.19-06.37.20:084][550]LogModuleManager: Shutting down and abandoning module XmlParser (150)
[2015.05.19-06.37.20:084][550]LogModuleManager: Shutting down and abandoning module Blutility (149)
[2015.05.19-06.37.20:084][550]LogModuleManager: Shutting down and abandoning module IOSPlatformEditor (148)
[2015.05.19-06.37.20:084][550]LogModuleManager: Shutting down and abandoning module IOSRuntimeSettings (147)
[2015.05.19-06.37.20:084][550]LogModuleManager: Shutting down and abandoning module AndroidDeviceDetection (146)
[2015.05.19-06.37.20:824][550]LogModuleManager: Shutting down and abandoning module AndroidPlatformEditor (145)
[2015.05.19-06.37.20:824][550]LogModuleManager: Shutting down and abandoning module AndroidRuntimeSettings (144)
[2015.05.19-06.37.20:824][550]LogModuleManager: Shutting down and abandoning module ProjectTargetPlatformEditor (143)
[2015.05.19-06.37.20:824][550]LogModuleManager: Shutting down and abandoning module ProjectSettingsViewer (142)
[2015.05.19-06.37.20:824][550]LogModuleManager: Shutting down and abandoning module InputBindingEditor (141)
[2015.05.19-06.37.20:824][550]LogModuleManager: Shutting down and abandoning module EditorSettingsViewer (140)
[2015.05.19-06.37.20:824][550]LogModuleManager: Shutting down and abandoning module SettingsEditor (139)
[2015.05.19-06.37.20:824][550]LogModuleManager: Shutting down and abandoning module ProjectLauncher (138)
[2015.05.19-06.37.20:824][550]LogModuleManager: Shutting down and abandoning module SessionFrontend (137)
[2015.05.19-06.37.20:824][550]LogModuleManager: Shutting down and abandoning module ProfilerClient (136)
[2015.05.19-06.37.20:824][550]LogModuleManager: Shutting down and abandoning module TargetDeviceServices (135)
[2015.05.19-06.37.20:824][550]LogModuleManager: Shutting down and abandoning module DeviceManager (134)
[2015.05.19-06.37.20:824][550]LogModuleManager: Shutting down and abandoning module AutomationController (133)
[2015.05.19-06.37.20:824][550]LogModuleManager: Shutting down and abandoning module AutomationWindow (132)
[2015.05.19-06.37.20:824][550]LogModuleManager: Shutting down and abandoning module Layers (131)
[2015.05.19-06.37.20:824][550]LogModuleManager: Shutting down and abandoning module ComponentVisualizers (130)
[2015.05.19-06.37.20:824][550]LogModuleManager: Shutting down and abandoning module DetailCustomizations (129)
[2015.05.19-06.37.20:825][550]LogModuleManager: Shutting down and abandoning module PackagesDialog (128)
[2015.05.19-06.37.20:825][550]LogModuleManager: Shutting down and abandoning module AssetRegistry (127)
[2015.05.19-06.37.20:911][550]LogModuleManager: Shutting down and abandoning module Persona (126)
[2015.05.19-06.37.20:911][550]LogModuleManager: Shutting down and abandoning module SlateReflector (125)
[2015.05.19-06.37.20:911][550]LogModuleManager: Shutting down and abandoning module LevelEditor (124)
[2015.05.19-06.37.20:912][550]LogModuleManager: Shutting down and abandoning module Kismet (123)
[2015.05.19-06.37.20:912][550]LogModuleManager: Shutting down and abandoning module GraphEditor (122)
[2015.05.19-06.37.20:912][550]LogModuleManager: Shutting down and abandoning module ClassViewer (121)
[2015.05.19-06.37.20:912][550]LogModuleManager: Shutting down and abandoning module Toolbox (120)
[2015.05.19-06.37.20:912][550]LogModuleManager: Shutting down and abandoning module ModuleUI (119)
[2015.05.19-06.37.20:912][550]LogModuleManager: Shutting down and abandoning module MovieSceneTools (118)
[2015.05.19-06.37.20:912][550]LogModuleManager: Shutting down and abandoning module OutputLog (117)
[2015.05.19-06.37.20:912][550]LogModuleManager: Shutting down and abandoning module GammaUI (116)
[2015.05.19-06.37.20:912][550]LogModuleManager: Shutting down and abandoning module Documentation (115)
[2015.05.19-06.37.20:912][550]LogModuleManager: Shutting down and abandoning module GameLiveStreaming (114)
[2015.05.19-06.37.20:912][550]LogModuleManager: Shutting down and abandoning module StreamingPauseRendering (113)
[2015.05.19-06.37.20:912][550]LogModuleManager: Shutting down and abandoning module HTTP (112)
[2015.05.19-06.37.20:919][550]LogModuleManager: Shutting down and abandoning module AnalyticsET (111)
[2015.05.19-06.37.20:919][550]LogModuleManager: Shutting down and abandoning module Analytics (110)
[2015.05.19-06.37.20:919][550]LogModuleManager: Shutting down and abandoning module AITestSuite (109)
[2015.05.19-06.37.20:919][550]LogModuleManager: Shutting down and abandoning module GameplayDebugger (108)
[2015.05.19-06.37.20:919][550]LogModuleManager: Shutting down and abandoning module AIModule (107)
[2015.05.19-06.37.20:919][550]LogModuleManager: Shutting down and abandoning module ProfilerService (106)
[2015.05.19-06.37.21:042][550]LogModuleManager: Shutting down and abandoning module TaskGraph (105)
[2015.05.19-06.37.21:042][550]LogModuleManager: Shutting down and abandoning module SlateRemote (104)
[2015.05.19-06.37.21:042][550]LogModuleManager: Shutting down and abandoning module ScriptEditorPlugin (103)
[2015.05.19-06.37.21:042][550]LogModuleManager: Shutting down and abandoning module CustomMeshComponent (102)
[2015.05.19-06.37.21:042][550]LogModuleManager: Shutting down and abandoning module CableComponent (101)
[2015.05.19-06.37.21:042][550]LogModuleManager: Shutting down and abandoning module MessagingDebugger (100)
[2015.05.19-06.37.21:042][550]LogModuleManager: Shutting down and abandoning module MediaPlayerEditor (99)
[2015.05.19-06.37.21:042][550]LogModuleManager: Shutting down and abandoning module SpeedTreeImporter (98)
[2015.05.19-06.37.21:042][550]LogModuleManager: Shutting down and abandoning module PluginsEditor (97)
[2015.05.19-06.37.21:042][550]LogModuleManager: Shutting down and abandoning module MainFrame (96)
[2015.05.19-06.37.21:042][550]LogModuleManager: Shutting down and abandoning module EpicSurvey (95)
[2015.05.19-06.37.21:042][550]LogModuleManager: Shutting down and abandoning module DesktopPlatform (94)
[2015.05.19-06.37.21:042][550]LogModuleManager: Shutting down and abandoning module DirectoryWatcher (93)
[2015.05.19-06.37.21:043][550]LogModuleManager: Shutting down and abandoning module HotReload (92)
[2015.05.19-06.37.21:043][550]LogModuleManager: Shutting down and abandoning module VisualStudioSourceCodeAccess (91)
[2015.05.19-06.37.21:043][550]LogModuleManager: Shutting down and abandoning module UObjectPlugin (90)
[2015.05.19-06.37.21:043][550]LogModuleManager: Shutting down and abandoning module SubversionSourceControl (89)
[2015.05.19-06.37.21:043][550]LogModuleManager: Shutting down and abandoning module PerforceSourceControl (88)
[2015.05.19-06.37.21:043][550]LogModuleManager: Shutting down and abandoning module SourceControl (87)
[2015.05.19-06.37.21:043][550]LogModuleManager: Shutting down and abandoning module GitSourceControl (86)
[2015.05.19-06.37.21:043][550]LogModuleManager: Shutting down and abandoning module BlankPlugin (85)
[2015.05.19-06.37.21:043][550]LogModuleManager: Shutting down and abandoning module PaperTiledImporter (84)
[2015.05.19-06.37.21:043][550]LogModuleManager: Shutting down and abandoning module PaperJsonImporter (83)
[2015.05.19-06.37.21:043][550]LogModuleManager: Shutting down and abandoning module ContentBrowser (82)
[2015.05.19-06.37.21:044][550]LogModuleManager: Shutting down and abandoning module Paper2DEditor (81)
[2015.05.19-06.37.21:044][550]LogModuleManager: Shutting down and abandoning module ScriptPlugin (80)
[2015.05.19-06.37.21:044][550]LogModuleManager: Shutting down and abandoning module UdpMessaging (79)
[2015.05.19-06.37.21:145][550]LogModuleManager: Shutting down and abandoning module Paper2D (78)
[2015.05.19-06.37.21:145][550]LogModuleManager: Shutting down and abandoning module WindowsMoviePlayer (77)
[2015.05.19-06.37.21:147][550]LogModuleManager: Shutting down and abandoning module Media (76)
[2015.05.19-06.37.21:147][550]LogModuleManager: Shutting down and abandoning module WmfMedia (75)
[2015.05.19-06.37.21:147][550]LogModuleManager: Shutting down and abandoning module OnlineBlueprintSupport (74)
[2015.05.19-06.37.21:147][550]LogModuleManager: Shutting down and abandoning module PropertyEditor (73)
[2015.05.19-06.37.21:147][550]LogModuleManager: Shutting down and abandoning module BehaviorTreeEditor (72)
[2015.05.19-06.37.21:147][550]LogModuleManager: Shutting down and abandoning module FunctionalTesting (71)
[2015.05.19-06.37.21:147][550]LogModuleManager: Shutting down and abandoning module CollisionAnalyzer (70)
[2015.05.19-06.37.21:147][550]LogModuleManager: Shutting down and abandoning module WorkspaceMenuStructure (69)
[2015.05.19-06.37.21:147][550]LogModuleManager: Shutting down and abandoning module MessageLog (68)
[2015.05.19-06.37.21:147][550]LogModuleManager: Shutting down and abandoning module Sequencer (67)
[2015.05.19-06.37.21:147][550]LogModuleManager: Shutting down and abandoning module AssetTools (66)
[2015.05.19-06.37.21:147][550]LogModuleManager: Shutting down and abandoning module UMGEditor (65)
[2015.05.19-06.37.21:147][550]LogModuleManager: Shutting down and abandoning module UMG (64)
[2015.05.19-06.37.21:147][550]LogModuleManager: Shutting down and abandoning module Slate (63)
[2015.05.19-06.37.21:147][550]LogModuleManager: Shutting down and abandoning module EditorStyle (62)
[2015.05.19-06.37.21:151][550]LogModuleManager: Shutting down and abandoning module SessionServices (61)
[2015.05.19-06.37.21:151][550]LogModuleManager: Shutting down and abandoning module SourceCodeAccess (60)
[2015.05.19-06.37.21:151][550]LogModuleManager: Shutting down and abandoning module HeadMountedDisplay (59)
[2015.05.19-06.37.21:151][550]LogModuleManager: Shutting down and abandoning module XAudio2 (58)
[2015.05.19-06.37.21:151][550]LogModuleManager: Shutting down and abandoning module Networking (56)
[2015.05.19-06.37.21:151][550]LogModuleManager: Shutting down and abandoning module Core (55)
[2015.05.19-06.37.21:151][550]LogModuleManager: Shutting down and abandoning module KismetCompiler (54)
[2015.05.19-06.37.21:151][550]LogModuleManager: Shutting down and abandoning module PhysXFormats (53)
[2015.05.19-06.37.21:151][550]LogModuleManager: Shutting down and abandoning module MeshUtilities (52)
[2015.05.19-06.37.21:151][550]LogModuleManager: Shutting down and abandoning module DerivedDataCache (51)
[2015.05.19-06.37.21:225][550]LogDerivedDataCache: Shutdown
[2015.05.19-06.37.21:225][550]LogModuleManager: Shutting down and abandoning module ShaderFormatOpenGL (50)
[2015.05.19-06.37.21:225][550]LogModuleManager: Shutting down and abandoning module ShaderFormatD3D (49)
[2015.05.19-06.37.21:225][550]LogModuleManager: Shutting down and abandoning module MetalShaderFormat (48)
[2015.05.19-06.37.21:225][550]LogModuleManager: Shutting down and abandoning module TextureFormatUncompressed (47)
[2015.05.19-06.37.21:225][550]LogModuleManager: Shutting down and abandoning module TextureFormatPVR (46)
[2015.05.19-06.37.21:225][550]LogModuleManager: Shutting down and abandoning module TextureFormatIntelISPCTexComp (45)
[2015.05.19-06.37.21:225][550]LogModuleManager: Shutting down and abandoning module TextureFormatDXT (44)
[2015.05.19-06.37.21:225][550]LogModuleManager: Shutting down and abandoning module ImageWrapper (43)
[2015.05.19-06.37.21:225][550]LogModuleManager: Shutting down and abandoning module TextureFormatASTC (42)
[2015.05.19-06.37.21:225][550]LogModuleManager: Shutting down and abandoning module TextureFormatAndroid (41)
[2015.05.19-06.37.21:225][550]LogModuleManager: Shutting down and abandoning module AudioFormatOpus (40)
[2015.05.19-06.37.21:225][550]LogModuleManager: Shutting down and abandoning module AudioFormatOgg (39)
[2015.05.19-06.37.21:225][550]LogModuleManager: Shutting down and abandoning module AudioFormatADPCM (38)
[2015.05.19-06.37.21:225][550]LogModuleManager: Shutting down and abandoning module LinuxTargetPlatform (37)
[2015.05.19-06.37.21:225][550]LogModuleManager: Shutting down and abandoning module LinuxServerTargetPlatform (36)
[2015.05.19-06.37.21:225][550]LogModuleManager: Shutting down and abandoning module LinuxNoEditorTargetPlatform (35)
[2015.05.19-06.37.21:225][550]LogModuleManager: Shutting down and abandoning module Messaging (34)
[2015.05.19-06.37.21:225][550]LogModuleManager: Shutting down and abandoning module IOSTargetPlatform (33)
[2015.05.19-06.37.21:225][550]LogModuleManager: Shutting down and abandoning module HTML5TargetPlatform (32)
[2015.05.19-06.37.21:225][550]LogModuleManager: Shutting down and abandoning module Android_PVRTCTargetPlatform (31)
[2015.05.19-06.37.21:225][550]LogModuleManager: Shutting down and abandoning module Android_ETC2TargetPlatform (30)
[2015.05.19-06.37.21:225][550]LogModuleManager: Shutting down and abandoning module Android_ETC1TargetPlatform (29)
[2015.05.19-06.37.21:225][550]LogModuleManager: Shutting down and abandoning module Android_ES31TargetPlatform (28)
[2015.05.19-06.37.21:225][550]LogModuleManager: Shutting down and abandoning module Android_DXTTargetPlatform (27)
[2015.05.19-06.37.21:225][550]LogModuleManager: Shutting down and abandoning module Android_ATCTargetPlatform (26)
[2015.05.19-06.37.21:225][550]LogModuleManager: Shutting down and abandoning module AndroidTargetPlatform (25)
[2015.05.19-06.37.21:225][550]LogModuleManager: Shutting down and abandoning module WindowsTargetPlatform (24)
[2015.05.19-06.37.21:225][550]LogModuleManager: Shutting down and abandoning module WindowsServerTargetPlatform (23)
[2015.05.19-06.37.21:225][550]LogModuleManager: Shutting down and abandoning module WindowsNoEditorTargetPlatform (22)
[2015.05.19-06.37.21:225][550]LogModuleManager: Shutting down and abandoning module WindowsClientTargetPlatform (21)
[2015.05.19-06.37.21:225][550]LogModuleManager: Shutting down and abandoning module TargetPlatform (20)
[2015.05.19-06.37.21:225][550]LogModuleManager: Shutting down and abandoning module InputCore (19)
[2015.05.19-06.37.21:225][550]LogModuleManager: Shutting down and abandoning module Settings (18)
[2015.05.19-06.37.21:225][550]LogModuleManager: Shutting down and abandoning module OnlineSubsystem (16)
[2015.05.19-06.37.21:225][550]LogModuleManager: Shutting down and abandoning module OculusRift (15)
[2015.05.19-06.37.21:225][550]LogModuleManager: Shutting down and abandoning module ExampleDeviceProfileSelector (14)
[2015.05.19-06.37.21:225][550]LogModuleManager: Shutting down and abandoning module TextureCompressor (13)
[2015.05.19-06.37.21:225][550]LogModuleManager: Shutting down and abandoning module ShaderCore (12)
[2015.05.19-06.37.21:225][550]LogModuleManager: Shutting down and abandoning module Landscape (11)
[2015.05.19-06.37.21:225][550]LogModuleManager: Shutting down and abandoning module SlateRHIRenderer (10)
[2015.05.19-06.37.21:227][550]LogModuleManager: Shutting down and abandoning module OpenGLDrv (9)
[2015.05.19-06.37.21:227][550]LogModuleManager: Shutting down and abandoning module D3D11RHI (8)
[2015.05.19-06.37.21:227][550]LogModuleManager: Shutting down and abandoning module Renderer (7)
[2015.05.19-06.37.21:227][550]LogModuleManager: Shutting down and abandoning module Engine (6)
[2015.05.19-06.37.21:227][550]LogModuleManager: Shutting down and abandoning module CoreUObject (5)
[2015.05.19-06.37.21:227][550]LogModuleManager: Shutting down and abandoning module NetworkFile (4)
[2015.05.19-06.37.21:227][550]LogModuleManager: Shutting down and abandoning module StreamingFile (3)
[2015.05.19-06.37.21:227][550]LogModuleManager: Shutting down and abandoning module SandboxFile (2)
[2015.05.19-06.37.21:227][550]LogModuleManager: Shutting down and abandoning module PakFile (1)
[2015.05.19-06.37.21:229][550]LogExit: Exiting.
[2015.05.19-06.37.21:233][550]Log file closed, 05/19/15 02:37:21
