Log file open, 05/20/15 11:32:07
LogInit:Display: Running engine for game: Project_Shadow
LogInit: Version: 4.7.6-2513093+++depot+UE4-Releases+4.7
LogInit: API Version: 2455222
LogInit: Compiled (64-bit): Apr 15 2015 12:09:54
LogInit: Compiled with Visual C++: 18.00.21005.01
LogInit: Build Configuration: Development
LogInit: Branch Name: ++depot+UE4-Releases+4.7
LogInit: Command line:  
LogInit: Base directory: C:/Program Files/Unreal Engine/4.7/Engine/Binaries/Win64/
LogInit: Rocket: 1
[2015.05.20-15.32.07:013][  0]LogTaskGraph: Started task graph with 3 named threads and 6 total threads.
[2015.05.20-15.32.07:066][  0]LogOnline:Warning: No default platform service specified for OnlineSubsystem
[2015.05.20-15.32.07:079][  0]LogInit: Presizing for 0 objects not considered by GC, pre-allocating 0 bytes.
[2015.05.20-15.32.07:088][  0]LogInit: Object subsystem initialized
[2015.05.20-15.32.07:089][  0]LogConsoleResponse:Warning: Skipping Unknown console variable: 'TranslucentSortAxis = (X=0.000000,Y=-1.000000,Z=0.000000)'
[2015.05.20-15.32.07:089][  0]LogConsoleResponse:Warning:   Found in ini file 'C:/Users/luisr_000/Documents/Unreal Projects/Project_Shadow/Saved/Config/Windows/Engine.ini', in section '[/Script/Engine.RendererSettings]'
[2015.05.20-15.32.07:089][  0]LogConsoleResponse:Warning: Skipping Unknown console variable: 'UIScaleRule = ShortestSide'
[2015.05.20-15.32.07:089][  0]LogConsoleResponse:Warning:   Found in ini file 'C:/Users/luisr_000/Documents/Unreal Projects/Project_Shadow/Saved/Config/Windows/Engine.ini', in section '[/Script/Engine.RendererSettings]'
[2015.05.20-15.32.07:089][  0]LogConsoleResponse:Warning: Skipping Unknown console variable: 'UIScaleCurve = (EditorCurveData=(Keys=),ExternalCurve=None)'
[2015.05.20-15.32.07:089][  0]LogConsoleResponse:Warning:   Found in ini file 'C:/Users/luisr_000/Documents/Unreal Projects/Project_Shadow/Saved/Config/Windows/Engine.ini', in section '[/Script/Engine.RendererSettings]'
[2015.05.20-15.32.07:090][  0]LogInit: Selected Device Profile: [Windows]
[2015.05.20-15.32.07:090][  0]LogInit: Applying CVar settings loaded from the selected device profile: [Windows]
[2015.05.20-15.32.07:095][  0]LogInit: Computer: LOU
[2015.05.20-15.32.07:095][  0]LogInit: User: LouIII
[2015.05.20-15.32.07:095][  0]LogInit: CPU Page size=4096, Cores=4
[2015.05.20-15.32.07:095][  0]LogInit: High frequency timer resolution =2.338337 MHz
[2015.05.20-15.32.07:096][  0]LogMemory: Memory total: Physical=15.9GB (16GB approx) Virtual=131072.0GB
[2015.05.20-15.32.07:096][  0]LogMemory: Platform Memory Stats for Windows
[2015.05.20-15.32.07:096][  0]LogMemory: Process Physical Memory: 46.49 MB used, 46.49 MB peak
[2015.05.20-15.32.07:096][  0]LogMemory: Process Virtual Memory: 24.91 MB used, 24.91 MB peak
[2015.05.20-15.32.07:096][  0]LogMemory: Physical Memory: 4504.85 MB used, 16303.71 MB total
[2015.05.20-15.32.07:096][  0]LogMemory: Virtual Memory: 287.49 MB used, 134217728.00 MB total
[2015.05.20-15.32.07:123][  0]LogD3D11RHI: Found D3D11 adapter 0: NVIDIA GeForce GTX 765M     (Feature Level 11_0)
[2015.05.20-15.32.07:123][  0]LogD3D11RHI: Adapter has 1988MB of dedicated video memory, 0MB of dedicated system memory, and 2048MB of shared system memory, 1 output[s]
[2015.05.20-15.32.07:139][  0]LogD3D11RHI: Found D3D11 adapter 1: NVIDIA GeForce GTX 765M     (Feature Level 11_0)
[2015.05.20-15.32.07:139][  0]LogD3D11RHI: Adapter has 1988MB of dedicated video memory, 0MB of dedicated system memory, and 2048MB of shared system memory, 0 output[s]
[2015.05.20-15.32.07:140][  0]LogD3D11RHI: Found D3D11 adapter 2: Microsoft Basic Render Driver (Feature Level 11_0)
[2015.05.20-15.32.07:140][  0]LogD3D11RHI: Adapter has 1988MB of dedicated video memory, 0MB of dedicated system memory, and 2048MB of shared system memory, 0 output[s]
[2015.05.20-15.32.07:140][  0]LogD3D11RHI: Chosen D3D11 Adapter Id = 0
[2015.05.20-15.32.07:145][  0]LogRHI: Texture pool is 1361 MB (70% of 1945 MB)
[2015.05.20-15.32.07:158][  0]LogD3D11RHI: Async texture creation enabled
[2015.05.20-15.32.07:218][  0]LogTextLocalizationManager: The requested culture ('en_US') has no localization data; parent culture's ('en') localization data will be used.
[2015.05.20-15.32.07:273][  0]LogTextLocalizationManager:Warning: Loading localization resources contain conflicting entries for (Namespace:UICommands, Key:Save_ToolTip):
Resource: (C:/Program Files/Unreal Engine/4.7/Engine/Content/Localization/Editor/en/Editor.locres) Hash: (-29098895) String: (Saves the current level to disk)
Resource: (C:/Program Files/Unreal Engine/4.7/Engine/Content/Localization/Engine/en/Engine.locres) Hash: (-1280300587) String: (Save selected data to vlog file)
[2015.05.20-15.32.07:273][  0]LogTextLocalizationManager:Warning: Loading localization resources contain conflicting entries for (Namespace:ContentBrowser, Key:ImportAssetToolTip):
Resource: (C:/Program Files/Unreal Engine/4.7/Engine/Content/Localization/Editor/en/Editor.locres) Hash: (-630476809) String: (Import to {0}...)
Resource: (C:/Program Files/Unreal Engine/4.7/Engine/Content/Localization/Editor/en/Editor.locres) Hash: (1271782899) String: (Imports an asset from file to this folder.)
[2015.05.20-15.32.07:348][  0]LogContentStreaming: Texture pool size is 0.000000MB
[2015.05.20-15.32.09:365][  0]LogTargetPlatformManager:Display: Building Assets For Windows
[2015.05.20-15.32.09:905][  0]LogTargetPlatformManager:Display: Building Assets For Windows
[2015.05.20-15.32.09:967][  0]LogDerivedDataCache:Display: Max Cache Size: 512 MB
[2015.05.20-15.32.10:010][  0]LogDerivedDataCache: Loaded boot cache 0.04s 39MB C:/Users/luisr_000/AppData/Local/UnrealEngine/4.7/DerivedDataCache/Boot.ddc.
[2015.05.20-15.32.10:010][  0]LogDerivedDataCache:Display: Loaded Boot cache: C:/Users/luisr_000/AppData/Local/UnrealEngine/4.7/DerivedDataCache/Boot.ddc
[2015.05.20-15.32.10:010][  0]LogDerivedDataCache: FDerivedDataBackendGraph:  Pak pak cache file ../../../../../../Users/luisr_000/Documents/Unreal Projects/Project_Shadow/DerivedDataCache/DDC.ddp not found, will not use a pak cache.
[2015.05.20-15.32.10:010][  0]LogDerivedDataCache: Unable to find inner node Pak for hierarchical cache Hierarchy.
[2015.05.20-15.32.10:127][  0]LogDerivedDataCache:Display: Pak cache opened for reading ../../../Engine/DerivedDataCache/Compressed.ddp.
[2015.05.20-15.32.10:140][  0]LogDerivedDataCache: Using Local data cache path C:/Users/luisr_000/AppData/Local/UnrealEngine/Common/DerivedDataCache: Writable
[2015.05.20-15.32.10:417][  0]LogMeshUtilities: No automatic mesh reduction module available
[2015.05.20-15.32.10:417][  0]LogMeshUtilities: No automatic mesh merging module available
[2015.05.20-15.32.10:766][  0]LogInit: WinSock: version 1.1 (2.2), MaxSocks=32767, MaxUdp=65467
[2015.05.20-15.32.10:842][  0]LogSlate:Warning: Failed to load font data from '../../../Engine/Content/Slate/Fonts/Roboto-Italic.ttf'
[2015.05.20-15.32.11:547][  0]UdpMessaging: Initializing bridge on interface 0.0.0.0:0 to multicast group 230.0.0.1:6666.
[2015.05.20-15.32.11:740][  0]SourceControl: Info Source control is disabled
[2015.05.20-15.32.11:740][  0]SourceControl: Info Source control is disabled
[2015.05.20-15.32.11:740][  0]SourceControl: Info Source control is disabled
[2015.05.20-15.32.11:740][  0]LogSourceControl: RunCommandInternalRaw: 'git version'
[2015.05.20-15.32.11:740][  0]LogSourceControl: RunCommandInternalRaw: ExecProcess ReturnCode=2 OutResults=''
[2015.05.20-15.32.11:749][  0]SourceControl: Info Source control is disabled
[2015.05.20-15.32.11:916][  0]LogObj: 24232 objects as part of root set at end of initial load.
[2015.05.20-15.32.11:916][  0]LogUObjectAllocator: 5137176 out of 0 bytes used by permanent object pool.
[2015.05.20-15.32.11:992][  0]LogEngine: Initializing Engine...
[2015.05.20-15.32.14:134][  0]LogInit: XAudio2 using 'Speakers (High Definition Audio Device)' : 2 channels at 44.1 kHz using 16 bits per sample (channel mask 0x3)
[2015.05.20-15.32.14:141][  0]LogInit: FAudioDevice initialized.
[2015.05.20-15.32.14:176][  0]LogAIModule: Creating AISystem for world NewWorld
[2015.05.20-15.32.14:196][  0]LogDerivedDataCache: Saved boot cache 0.02s 39MB C:/Users/luisr_000/AppData/Local/UnrealEngine/4.7/DerivedDataCache/Boot.ddc.
[2015.05.20-15.32.14:200][  0]LogInit: Texture streaming: Enabled
[2015.05.20-15.32.14:280][  0]LogAnalytics: Creating configured Analytics provider AnalyticsET
[2015.05.20-15.32.14:281][  0]LogAnalytics: ET APIKey = Rocket.Release. APIServer = http://et2.epicgames.com/ET2/. AppVersion = 4.7.6-2513093+++depot+UE4-Releases+4.7
[2015.05.20-15.32.14:281][  0]LogAnalytics: ET APIKey = Rocket.Release. DataRouterUploadURL = https://datarouter-public-service-gamedev.ol.epicgames.net/datarouter/api/v1/public/data. AppVersion = 4.7.6-2513093+++depot+UE4-Releases+4.7
[2015.05.20-15.32.14:281][  0]LogAnalytics: SetUserId 06a592394ae99916f49c3d9c3c9f503a|b280ebf5e1b3428db734f63de3c232be|784865b8-3393-4bba-9a10-0fd663c4f742
[2015.05.20-15.32.14:281][  0]LogAnalytics: AnalyticsET::StartSession [Rocket.Release]
[2015.05.20-15.32.14:301][  0]LogInit: Transaction tracking system initialized
[2015.05.20-15.32.14:456][  0]BlueprintLog: New page: Editor Load
[2015.05.20-15.32.14:489][  0]LogAssetRegistry: FAssetRegistry took 0.0110 seconds to start up
[2015.05.20-15.32.14:489][  0]LogDirectoryWatcher:Warning: Failed to begin reading directory changes for ../../../Engine/Plugins/Experimental/CharacterAI/Content/. Error: 0
[2015.05.20-15.32.14:985][  0]LogTargetPlatformManager:Display: Building Assets For Windows
[2015.05.20-15.32.15:331][  0]LogTargetPlatformManager:Display: Building Assets For Windows
[2015.05.20-15.32.15:575][  0]LogSlate:Warning: Failed to load font data from '../../../Engine/Content/Editor/Slate/Fonts/Roboto-Regular.ttf'
[2015.05.20-15.32.15:575][  0]LogSlate:Warning: Failed to load font data from '../../../Engine/Content/Editor/Slate/Fonts/Roboto-Bold.ttf'
[2015.05.20-15.32.15:579][  0]LogConsoleResponse:Display: 
[2015.05.20-15.32.15:690][  0]LogCook:Display: Done creating registry. It took  0.00s.
[2015.05.20-15.32.15:824][  0]SourceControl: Info Source control is disabled
[2015.05.20-15.32.15:824][  0]Cmd: MAP LOAD FILE="../../../../../../Users/luisr_000/Documents/Unreal Projects/Project_Shadow/Content/SideScrollerBP/Maps/SideScrollerExampleMap.umap" TEMPLATE=0 SHOWPROGRESS=1 FEATURELEVEL=3
[2015.05.20-15.32.15:824][  0]LightingResults: New page: Lighting Build
[2015.05.20-15.32.15:836][  0]MapCheck: New page: Map Check
[2015.05.20-15.32.15:836][  0]LightingResults: New page: Lighting Build
[2015.05.20-15.32.15:844][  0]LogParticles: Destroying 0 GPU particle simulations for FXSystem 0x000000E645746980
[2015.05.20-15.32.17:048][  0]LogEditorServer: Finished looking for orphan Actors (0.000 secs)
[2015.05.20-15.32.17:913][  0]LogAIModule: Creating AISystem for world SideScrollerExampleMap
[2015.05.20-15.32.17:914][  0]Cmd: MAP CHECKDEP
[2015.05.20-15.32.17:914][  0]MapCheck: New page: SideScrollerExampleMap - May 20, 2015, 7:32:17 AM
[2015.05.20-15.32.17:985][  0]MapCheck: Info Map check complete: 0 Error(s), 0 Warning(s), took 71.171ms to complete.
[2015.05.20-15.32.17:985][  0]LogFileHelpers: Loading map 'SideScrollerExampleMap' took 2.162
[2015.05.20-15.32.18:098][  0]LogCollectionManager: Loaded 0 collections in 0.001572 seconds
[2015.05.20-15.32.18:107][  0]LogContentBrowser: Native class hierarchy populated in 0.0090 seconds. Added 1696 classes and 261 folders.
[2015.05.20-15.32.18:137][  0]LogContentBrowser: Native class hierarchy updated for 'SceneOutliner' in 0.0017 seconds. Added 1 classes and 2 folders.
[2015.05.20-15.32.18:182][  0]LogCrashTracker: Crashtracker disabled due to settings.
[2015.05.20-15.32.18:183][  0]LogSlate:Warning: Failed to load font data from 'Veranda'
[2015.05.20-15.32.18:190][  0]LogUObjectGlobals:Warning: Failed to find object 'Class None.'
[2015.05.20-15.32.18:216][  0]LogLoad: Full Startup: 13.00 seconds (BP compile: 0.48 seconds)
[2015.05.20-15.32.18:594][  0]LogContentBrowser:Verbose: The content browser source was changed by the sources view to '/Game/SideScrollerBP'
[2015.05.20-15.32.18:698][  0]LogRenderer:Warning: Reallocating scene render targets to support 32x32 (Frame:2).
[2015.05.20-15.32.18:827][  0]LogRenderer:Warning: Reallocating scene render targets to support 1208x576 (Frame:4).
[2015.05.20-15.32.19:893][  4]LogAssetRegistry: Asset discovery search completed in 5.4154 seconds
[2015.05.20-15.32.24:937][156]LogContentBrowser:Verbose: The content browser source was changed by the sources view to '/Game/ProjectMain'
[2015.05.20-15.32.26:043][217]LogContentBrowser:Verbose: The content browser source was changed by the sources view to '/Game/ProjectMain/Blueprints'
[2015.05.20-15.32.34:216][632]LogParticles: Destroying 0 GPU particle simulations for FXSystem 0x000000E67140A020
[2015.05.20-15.32.48:559][975]LogContentBrowser:Verbose: The content browser source was changed by the sources view to '/Game/ProjectMain/Blueprints'
[2015.05.20-15.32.58:956][580]LogRenderer:Warning: Reallocating scene render targets to support 1208x904 (Frame:1216).
[2015.05.20-15.34.48:946][336]BlueprintLog: New page: Compile PrimaryHUD
[2015.05.20-15.34.49:013][336]BlueprintEditorCompileResults: Info [0163.80] Compile of PrimaryHUD successful! [in 66 ms]
[2015.05.20-15.34.50:139][399]LogSavePackage: Save=21.639738ms
[2015.05.20-15.34.50:139][399]LogSavePackage: Moving '../../../../../../Users/luisr_000/Documents/Unreal Projects/Project_Shadow/Saved/PrimaryHUD608A72544141994C0BA377832A33699C.tmp' to '../../../../../../Users/luisr_000/Documents/Unreal Projects/Project_Shadow/Content/ProjectMain/Blueprints/PrimaryHUD.uasset'
[2015.05.20-15.35.24:552][ 40]LogContentBrowser:Verbose: The content browser source was changed by the sources view to '/Game/ProjectMain/Blueprints'
[2015.05.20-15.36.03:942][281]BlueprintLog: New page: Compile MinimapCapture
[2015.05.20-15.36.03:999][281]BlueprintEditorCompileResults: Info [0238.78] Compile of MinimapCapture successful! [in 56 ms]
[2015.05.20-15.36.04:672][314]LogSavePackage: Save=51.295429ms
[2015.05.20-15.36.04:672][314]LogSavePackage: Moving '../../../../../../Users/luisr_000/Documents/Unreal Projects/Project_Shadow/Saved/MinimapCaptureF6562D004ACAF41671749387326D6A54.tmp' to '../../../../../../Users/luisr_000/Documents/Unreal Projects/Project_Shadow/Content/ProjectMain/Blueprints/MinimapCapture.uasset'
[2015.05.20-15.36.17:738][ 69]BlueprintLog: New page: Compile MinimapCapture
[2015.05.20-15.36.17:792][ 69]BlueprintEditorCompileResults: Info [0252.58] Compile of MinimapCapture successful! [in 53 ms]
[2015.05.20-15.36.18:543][108]LogSavePackage: Save=16.297480ms
[2015.05.20-15.36.18:543][108]LogSavePackage: Moving '../../../../../../Users/luisr_000/Documents/Unreal Projects/Project_Shadow/Saved/MinimapCaptureEB474D15456ABC0DB13D2DA78D91574B.tmp' to '../../../../../../Users/luisr_000/Documents/Unreal Projects/Project_Shadow/Content/ProjectMain/Blueprints/MinimapCapture.uasset'
[2015.05.20-15.36.27:314][344]LogPlayLevel: PIE:  No blueprints needed recompiling
[2015.05.20-15.36.27:315][344]PIE: New page: PIE session: SideScrollerExampleMap (May 20, 2015, 7:36:27 AM)
[2015.05.20-15.36.27:337][344]LogPlayLevel: PIE: StaticDuplicateObject took: (0.021963s)
[2015.05.20-15.36.27:339][344]LogPlayLevel: PIE: World Init took: (0.001833s)
[2015.05.20-15.36.27:339][344]LogPlayLevel: PIE: Created PIE world by copying editor world from /Game/SideScrollerBP/Maps/SideScrollerExampleMap.SideScrollerExampleMap to /Game/SideScrollerBP/Maps/UEDPIE_0_SideScrollerExampleMap.SideScrollerExampleMap (0.024053s)
[2015.05.20-15.36.27:406][344]LogWorld: Game class is 'SideScrollerGameMode_C'
[2015.05.20-15.36.27:409][344]LogAIModule: Creating AISystem for world SideScrollerExampleMap
[2015.05.20-15.36.27:415][344]LogWorld: Bringing World /Game/SideScrollerBP/Maps/UEDPIE_0_SideScrollerExampleMap.SideScrollerExampleMap up for play (max tick rate 60) at 2015.05.20-11.36.27
[2015.05.20-15.36.27:415][344]LogWorld: Bringing up level for play took: 0.006043
[2015.05.20-15.36.27:416][344]LogGameMode: Warning - PATHS NOT DEFINED or NO PLAYERSTART with positive rating
[2015.05.20-15.36.27:431][344]PIE: Info Play in editor start time for /Game/SideScrollerBP/Maps/UEDPIE_0_SideScrollerExampleMap -0.849
[2015.05.20-15.36.27:451][344]LogRenderer:Warning: Reallocating scene render targets to support 1296x904 (Frame:4175).
[2015.05.20-15.36.29:506][448]LogParticles: Destroying 0 GPU particle simulations for FXSystem 0x000000E60C65ADE0
[2015.05.20-15.37.33:318][699]LogEditorViewport: Clicking on Actor (context menu): MinimapCapture_C (MinimapCapture)
[2015.05.20-15.37.48:007][366]LogSavePackage: Save=1810.665405ms
[2015.05.20-15.37.48:007][366]LogSavePackage: Moving '../../../../../../Users/luisr_000/Documents/Unreal Projects/Project_Shadow/Saved/SideScrollerExampleMap1CB05EF24143B5DA9D2F2C9EFAAEB0BC.tmp' to '../../../../../../Users/luisr_000/Documents/Unreal Projects/Project_Shadow/Content/SideScrollerBP/Maps/SideScrollerExampleMap.umap'
[2015.05.20-15.37.48:049][366]LogFileHelpers: Saving map 'SideScrollerExampleMap' took 1.983
[2015.05.20-15.37.48:903][406]LogPlayLevel: PIE:  No blueprints needed recompiling
[2015.05.20-15.37.48:903][406]PIE: New page: PIE session: SideScrollerExampleMap (May 20, 2015, 7:37:48 AM)
[2015.05.20-15.37.48:925][406]LogPlayLevel: PIE: StaticDuplicateObject took: (0.021553s)
[2015.05.20-15.37.48:927][406]LogPlayLevel: PIE: World Init took: (0.001160s)
[2015.05.20-15.37.48:927][406]LogPlayLevel: PIE: Created PIE world by copying editor world from /Game/SideScrollerBP/Maps/SideScrollerExampleMap.SideScrollerExampleMap to /Game/SideScrollerBP/Maps/UEDPIE_0_SideScrollerExampleMap.SideScrollerExampleMap (0.022932s)
[2015.05.20-15.37.49:009][406]LogWorld: Game class is 'SideScrollerGameMode_C'
[2015.05.20-15.37.49:011][406]LogAIModule: Creating AISystem for world SideScrollerExampleMap
[2015.05.20-15.37.49:017][406]LogWorld: Bringing World /Game/SideScrollerBP/Maps/UEDPIE_0_SideScrollerExampleMap.SideScrollerExampleMap up for play (max tick rate 60) at 2015.05.20-11.37.49
[2015.05.20-15.37.49:017][406]LogWorld: Bringing up level for play took: 0.006343
[2015.05.20-15.37.49:019][406]PIE: Info Play in editor start time for /Game/SideScrollerBP/Maps/UEDPIE_0_SideScrollerExampleMap 0.738
[2015.05.20-15.37.58:709][934]LogParticles: Destroying 0 GPU particle simulations for FXSystem 0x000000E63FE6EE80
[2015.05.20-15.38.33:684][ 39]LogSlate:Warning: Prevented a slow task dialog from being summoned while a context menu was open
[2015.05.20-15.38.34:988][ 92]Cmd: UpdateLandscapeSetup
[2015.05.20-15.38.49:243][660]LogSavePackage: Save=1777.598755ms
[2015.05.20-15.38.49:243][660]LogSavePackage: Moving '../../../../../../Users/luisr_000/Documents/Unreal Projects/Project_Shadow/Saved/SideScrollerExampleMapDC69BDAD48993F08AB5CBA94687B9EE0.tmp' to '../../../../../../Users/luisr_000/Documents/Unreal Projects/Project_Shadow/Content/SideScrollerBP/Maps/SideScrollerExampleMap.umap'
[2015.05.20-15.38.51:795][769]LogSavePackage: Save=11.558214ms
[2015.05.20-15.38.51:796][769]LogSavePackage: Moving '../../../../../../Users/luisr_000/Documents/Unreal Projects/Project_Shadow/Saved/SideScrollerGameMode118A4AFF4AEED60A043C048C873F9C5B.tmp' to '../../../../../../Users/luisr_000/Documents/Unreal Projects/Project_Shadow/Content/SideScrollerBP/Blueprints/SideScrollerGameMode.uasset'
[2015.05.20-15.38.53:281][828]LogPlayLevel: PIE:  No blueprints needed recompiling
[2015.05.20-15.38.53:281][828]PIE: New page: PIE session: SideScrollerExampleMap (May 20, 2015, 7:38:53 AM)
[2015.05.20-15.38.53:303][828]LogPlayLevel: PIE: StaticDuplicateObject took: (0.021646s)
[2015.05.20-15.38.53:304][828]LogPlayLevel: PIE: World Init took: (0.000784s)
[2015.05.20-15.38.53:304][828]LogPlayLevel: PIE: Created PIE world by copying editor world from /Game/SideScrollerBP/Maps/SideScrollerExampleMap.SideScrollerExampleMap to /Game/SideScrollerBP/Maps/UEDPIE_0_SideScrollerExampleMap.SideScrollerExampleMap (0.022661s)
[2015.05.20-15.38.53:377][828]LogWorld: Game class is 'SideScrollerGameMode_C'
[2015.05.20-15.38.53:379][828]LogAIModule: Creating AISystem for world SideScrollerExampleMap
[2015.05.20-15.38.53:385][828]LogWorld: Bringing World /Game/SideScrollerBP/Maps/UEDPIE_0_SideScrollerExampleMap.SideScrollerExampleMap up for play (max tick rate 60) at 2015.05.20-11.38.53
[2015.05.20-15.38.53:385][828]LogWorld: Bringing up level for play took: 0.006087
[2015.05.20-15.38.53:387][828]PIE: Info Play in editor start time for /Game/SideScrollerBP/Maps/UEDPIE_0_SideScrollerExampleMap 1.106
[2015.05.20-15.39.29:224][862]LogBlueprintUserMessages: DoubleJumpEnd
[2015.05.20-15.39.38:088][363]LogBlueprintUserMessages: DoubleJumpEnd
[2015.05.20-15.39.48:597][958]LogParticles: Destroying 0 GPU particle simulations for FXSystem 0x000000E6265B63E0
[2015.05.20-15.39.51:019][ 71]LogEditorViewport: Clicking on Actor (LMB): SideScrollerCharacter_C (SideScrollerCharacter)
[2015.05.20-15.39.52:079][117]Cmd: CAMERA ALIGN ACTIVEVIEWPORTONLY
[2015.05.20-15.40.17:242][165]LogSavePackage: Save=1745.419556ms
[2015.05.20-15.40.17:242][165]LogSavePackage: Moving '../../../../../../Users/luisr_000/Documents/Unreal Projects/Project_Shadow/Saved/SideScrollerExampleMap533E96794561F18071C333BE86B97CA8.tmp' to '../../../../../../Users/luisr_000/Documents/Unreal Projects/Project_Shadow/Content/SideScrollerBP/Maps/SideScrollerExampleMap.umap'
[2015.05.20-15.40.17:282][165]LogFileHelpers: Saving map 'SideScrollerExampleMap' took 1.893
[2015.05.20-15.48.40:336][480]BlueprintLog: New page: Compile PrimaryHUD
[2015.05.20-15.48.40:402][480]BlueprintEditorCompileResults: Info [0995.19] Compile of PrimaryHUD successful! [in 65 ms]
[2015.05.20-15.48.41:240][525]LogSavePackage: Save=24.019634ms
[2015.05.20-15.48.41:240][525]LogSavePackage: Moving '../../../../../../Users/luisr_000/Documents/Unreal Projects/Project_Shadow/Saved/PrimaryHUD02A271954386CB901427BAB12A4D3536.tmp' to '../../../../../../Users/luisr_000/Documents/Unreal Projects/Project_Shadow/Content/ProjectMain/Blueprints/PrimaryHUD.uasset'
[2015.05.20-15.48.44:037][662]LogPlayLevel: PIE:  No blueprints needed recompiling
[2015.05.20-15.48.44:037][662]PIE: New page: PIE session: SideScrollerExampleMap (May 20, 2015, 7:48:44 AM)
[2015.05.20-15.48.44:061][662]LogPlayLevel: PIE: StaticDuplicateObject took: (0.023740s)
[2015.05.20-15.48.44:062][662]LogPlayLevel: PIE: World Init took: (0.000774s)
[2015.05.20-15.48.44:062][662]LogPlayLevel: PIE: Created PIE world by copying editor world from /Game/SideScrollerBP/Maps/SideScrollerExampleMap.SideScrollerExampleMap to /Game/SideScrollerBP/Maps/UEDPIE_0_SideScrollerExampleMap.SideScrollerExampleMap (0.024738s)
[2015.05.20-15.48.44:137][662]LogWorld: Game class is 'SideScrollerGameMode_C'
[2015.05.20-15.48.44:139][662]LogAIModule: Creating AISystem for world SideScrollerExampleMap
[2015.05.20-15.48.44:145][662]LogWorld: Bringing World /Game/SideScrollerBP/Maps/UEDPIE_0_SideScrollerExampleMap.SideScrollerExampleMap up for play (max tick rate 60) at 2015.05.20-11.48.44
[2015.05.20-15.48.44:146][662]LogWorld: Bringing up level for play took: 0.006091
[2015.05.20-15.48.44:147][662]PIE: Info Play in editor start time for /Game/SideScrollerBP/Maps/UEDPIE_0_SideScrollerExampleMap -0.133
[2015.05.20-15.49.27:193][108]LogParticles: Destroying 0 GPU particle simulations for FXSystem 0x000000E63D7256C0
[2015.05.20-15.49.38:670][563]LogSavePackage: Save=1748.582397ms
[2015.05.20-15.49.38:670][563]LogSavePackage: Moving '../../../../../../Users/luisr_000/Documents/Unreal Projects/Project_Shadow/Saved/SideScrollerExampleMap90B89D6948016C452FFB91BE0E21E9BB.tmp' to '../../../../../../Users/luisr_000/Documents/Unreal Projects/Project_Shadow/Content/SideScrollerBP/Maps/SideScrollerExampleMap.umap'
[2015.05.20-15.49.40:814][666]Cmd: CAMERA ALIGN ACTIVEVIEWPORTONLY
[2015.05.20-15.49.45:790][808]LogSavePackage: Save=1789.360962ms
[2015.05.20-15.49.45:790][808]LogSavePackage: Moving '../../../../../../Users/luisr_000/Documents/Unreal Projects/Project_Shadow/Saved/SideScrollerExampleMap17D67F7248091F3ECE6E27B1C38DD939.tmp' to '../../../../../../Users/luisr_000/Documents/Unreal Projects/Project_Shadow/Content/SideScrollerBP/Maps/SideScrollerExampleMap.umap'
[2015.05.20-15.49.55:074][144]LogSavePackage: Save=1739.062866ms
[2015.05.20-15.49.55:074][144]LogSavePackage: Moving '../../../../../../Users/luisr_000/Documents/Unreal Projects/Project_Shadow/Saved/SideScrollerExampleMapCB71BD1249FCBABE2C54798E7C1D55A5.tmp' to '../../../../../../Users/luisr_000/Documents/Unreal Projects/Project_Shadow/Content/SideScrollerBP/Maps/SideScrollerExampleMap.umap'
[2015.05.20-15.49.59:102][304]Cmd: QUIT_EDITOR
[2015.05.20-15.49.59:331][304]LogExit: Preparing to exit.
[2015.05.20-15.50.00:153][304]LogExit: Editor shut down
[2015.05.20-15.50.00:153][304]LogExit: Transaction tracking system shut down
[2015.05.20-15.50.00:154][304]LogParticles: Destroying 0 GPU particle simulations for FXSystem 0x000000E63BF8C860
[2015.05.20-15.50.00:154][304]LogParticles: Destroying 0 GPU particle simulations for FXSystem 0x000000E63FCDD1C0
[2015.05.20-15.50.00:155][304]LogParticles: Destroying 0 GPU particle simulations for FXSystem 0x000000E63DB0C900
[2015.05.20-15.50.00:155][304]LogParticles: Destroying 0 GPU particle simulations for FXSystem 0x000000E608698B80
[2015.05.20-15.50.00:155][304]LogParticles: Destroying 0 GPU particle simulations for FXSystem 0x000000E6714089A0
[2015.05.20-15.50.00:155][304]LogParticles: Destroying 0 GPU particle simulations for FXSystem 0x000000E6722CD6C0
[2015.05.20-15.50.00:155][304]LogParticles: Destroying 0 GPU particle simulations for FXSystem 0x000000E60CDC14E0
[2015.05.20-15.50.00:156][304]LogParticles: Destroying 0 GPU particle simulations for FXSystem 0x000000E62CD09C60
[2015.05.20-15.50.00:260][304]LogExit: Object subsystem successfully closed.
[2015.05.20-15.50.00:302][304]LogModuleManager: Shutting down and abandoning module CrashTracker (177)
[2015.05.20-15.50.00:302][304]LogModuleManager: Shutting down and abandoning module SuperSearch (176)
[2015.05.20-15.50.00:302][304]LogModuleManager: Shutting down and abandoning module SceneOutliner (175)
[2015.05.20-15.50.00:302][304]LogModuleManager: Shutting down and abandoning module EditorWidgets (174)
[2015.05.20-15.50.00:303][304]LogModuleManager: Shutting down and abandoning module CollectionManager (173)
[2015.05.20-15.50.00:303][304]LogModuleManager: Shutting down and abandoning module StatsViewer (172)
[2015.05.20-15.50.00:303][304]LogModuleManager: Shutting down and abandoning module FoliageEdit (171)
[2015.05.20-15.50.00:303][304]LogModuleManager: Shutting down and abandoning module LandscapeEditor (170)
[2015.05.20-15.50.00:303][304]LogModuleManager: Shutting down and abandoning module MeshPaint (169)
[2015.05.20-15.50.00:303][304]LogModuleManager: Shutting down and abandoning module ActorPickerMode (168)
[2015.05.20-15.50.00:303][304]LogModuleManager: Shutting down and abandoning module GeometryMode (167)
[2015.05.20-15.50.00:303][304]LogModuleManager: Shutting down and abandoning module TextureAlignMode (166)
[2015.05.20-15.50.00:303][304]LogModuleManager: Shutting down and abandoning module BspMode (165)
[2015.05.20-15.50.00:303][304]LogModuleManager: Shutting down and abandoning module PlacementMode (164)
[2015.05.20-15.50.00:303][304]LogModuleManager: Shutting down and abandoning module AutomationWorker (163)
[2015.05.20-15.50.00:303][304]LogModuleManager: Shutting down and abandoning module CharacterAI (162)
[2015.05.20-15.50.00:303][304]LogModuleManager: Shutting down and abandoning module SmartSnapping (161)
[2015.05.20-15.50.00:303][304]LogModuleManager: Shutting down and abandoning module ViewportSnapping (160)
[2015.05.20-15.50.00:303][304]LogModuleManager: Shutting down and abandoning module LogVisualizer (159)
[2015.05.20-15.50.00:303][304]LogModuleManager: Shutting down and abandoning module GameProjectGeneration (158)
[2015.05.20-15.50.00:303][304]LogModuleManager: Shutting down and abandoning module IntroTutorials (157)
[2015.05.20-15.50.00:303][304]LogModuleManager: Shutting down and abandoning module EditorLiveStreaming (156)
[2015.05.20-15.50.00:303][304]LogModuleManager: Shutting down and abandoning module HardwareTargeting (155)
[2015.05.20-15.50.00:303][304]LogModuleManager: Shutting down and abandoning module DeviceProfileEditor (154)
[2015.05.20-15.50.00:303][304]LogModuleManager: Shutting down and abandoning module UndoHistory (153)
[2015.05.20-15.50.00:303][304]LogModuleManager: Shutting down and abandoning module GameplayTagsEditor (152)
[2015.05.20-15.50.00:303][304]LogModuleManager: Shutting down and abandoning module UserFeedback (151)
[2015.05.20-15.50.00:303][304]LogModuleManager: Shutting down and abandoning module XmlParser (150)
[2015.05.20-15.50.00:303][304]LogModuleManager: Shutting down and abandoning module Blutility (149)
[2015.05.20-15.50.00:303][304]LogModuleManager: Shutting down and abandoning module IOSPlatformEditor (148)
[2015.05.20-15.50.00:303][304]LogModuleManager: Shutting down and abandoning module IOSRuntimeSettings (147)
[2015.05.20-15.50.00:303][304]LogModuleManager: Shutting down and abandoning module AndroidDeviceDetection (146)
[2015.05.20-15.50.00:941][304]LogModuleManager: Shutting down and abandoning module AndroidPlatformEditor (145)
[2015.05.20-15.50.00:941][304]LogModuleManager: Shutting down and abandoning module AndroidRuntimeSettings (144)
[2015.05.20-15.50.00:941][304]LogModuleManager: Shutting down and abandoning module ProjectTargetPlatformEditor (143)
[2015.05.20-15.50.00:941][304]LogModuleManager: Shutting down and abandoning module ProjectSettingsViewer (142)
[2015.05.20-15.50.00:941][304]LogModuleManager: Shutting down and abandoning module InputBindingEditor (141)
[2015.05.20-15.50.00:941][304]LogModuleManager: Shutting down and abandoning module EditorSettingsViewer (140)
[2015.05.20-15.50.00:941][304]LogModuleManager: Shutting down and abandoning module SettingsEditor (139)
[2015.05.20-15.50.00:941][304]LogModuleManager: Shutting down and abandoning module ProjectLauncher (138)
[2015.05.20-15.50.00:941][304]LogModuleManager: Shutting down and abandoning module SessionFrontend (137)
[2015.05.20-15.50.00:941][304]LogModuleManager: Shutting down and abandoning module ProfilerClient (136)
[2015.05.20-15.50.00:941][304]LogModuleManager: Shutting down and abandoning module TargetDeviceServices (135)
[2015.05.20-15.50.00:941][304]LogModuleManager: Shutting down and abandoning module DeviceManager (134)
[2015.05.20-15.50.00:941][304]LogModuleManager: Shutting down and abandoning module AutomationController (133)
[2015.05.20-15.50.00:941][304]LogModuleManager: Shutting down and abandoning module AutomationWindow (132)
[2015.05.20-15.50.00:941][304]LogModuleManager: Shutting down and abandoning module Layers (131)
[2015.05.20-15.50.00:941][304]LogModuleManager: Shutting down and abandoning module ComponentVisualizers (130)
[2015.05.20-15.50.00:941][304]LogModuleManager: Shutting down and abandoning module DetailCustomizations (129)
[2015.05.20-15.50.00:941][304]LogModuleManager: Shutting down and abandoning module PackagesDialog (128)
[2015.05.20-15.50.00:941][304]LogModuleManager: Shutting down and abandoning module AssetRegistry (127)
[2015.05.20-15.50.01:051][304]LogModuleManager: Shutting down and abandoning module Persona (126)
[2015.05.20-15.50.01:051][304]LogModuleManager: Shutting down and abandoning module SlateReflector (125)
[2015.05.20-15.50.01:051][304]LogModuleManager: Shutting down and abandoning module LevelEditor (124)
[2015.05.20-15.50.01:052][304]LogModuleManager: Shutting down and abandoning module Kismet (123)
[2015.05.20-15.50.01:052][304]LogModuleManager: Shutting down and abandoning module GraphEditor (122)
[2015.05.20-15.50.01:052][304]LogModuleManager: Shutting down and abandoning module ClassViewer (121)
[2015.05.20-15.50.01:052][304]LogModuleManager: Shutting down and abandoning module Toolbox (120)
[2015.05.20-15.50.01:052][304]LogModuleManager: Shutting down and abandoning module ModuleUI (119)
[2015.05.20-15.50.01:052][304]LogModuleManager: Shutting down and abandoning module MovieSceneTools (118)
[2015.05.20-15.50.01:052][304]LogModuleManager: Shutting down and abandoning module OutputLog (117)
[2015.05.20-15.50.01:052][304]LogModuleManager: Shutting down and abandoning module GammaUI (116)
[2015.05.20-15.50.01:052][304]LogModuleManager: Shutting down and abandoning module Documentation (115)
[2015.05.20-15.50.01:052][304]LogModuleManager: Shutting down and abandoning module GameLiveStreaming (114)
[2015.05.20-15.50.01:052][304]LogModuleManager: Shutting down and abandoning module StreamingPauseRendering (113)
[2015.05.20-15.50.01:052][304]LogModuleManager: Shutting down and abandoning module HTTP (112)
[2015.05.20-15.50.01:052][304]LogModuleManager: Shutting down and abandoning module AnalyticsET (111)
[2015.05.20-15.50.01:052][304]LogModuleManager: Shutting down and abandoning module Analytics (110)
[2015.05.20-15.50.01:052][304]LogModuleManager: Shutting down and abandoning module AITestSuite (109)
[2015.05.20-15.50.01:052][304]LogModuleManager: Shutting down and abandoning module GameplayDebugger (108)
[2015.05.20-15.50.01:052][304]LogModuleManager: Shutting down and abandoning module AIModule (107)
[2015.05.20-15.50.01:052][304]LogModuleManager: Shutting down and abandoning module ProfilerService (106)
[2015.05.20-15.50.01:160][304]LogModuleManager: Shutting down and abandoning module TaskGraph (105)
[2015.05.20-15.50.01:160][304]LogModuleManager: Shutting down and abandoning module SlateRemote (104)
[2015.05.20-15.50.01:160][304]LogModuleManager: Shutting down and abandoning module ScriptEditorPlugin (103)
[2015.05.20-15.50.01:160][304]LogModuleManager: Shutting down and abandoning module CustomMeshComponent (102)
[2015.05.20-15.50.01:160][304]LogModuleManager: Shutting down and abandoning module CableComponent (101)
[2015.05.20-15.50.01:160][304]LogModuleManager: Shutting down and abandoning module MessagingDebugger (100)
[2015.05.20-15.50.01:160][304]LogModuleManager: Shutting down and abandoning module MediaPlayerEditor (99)
[2015.05.20-15.50.01:160][304]LogModuleManager: Shutting down and abandoning module SpeedTreeImporter (98)
[2015.05.20-15.50.01:160][304]LogModuleManager: Shutting down and abandoning module PluginsEditor (97)
[2015.05.20-15.50.01:160][304]LogModuleManager: Shutting down and abandoning module MainFrame (96)
[2015.05.20-15.50.01:160][304]LogModuleManager: Shutting down and abandoning module EpicSurvey (95)
[2015.05.20-15.50.01:160][304]LogModuleManager: Shutting down and abandoning module DesktopPlatform (94)
[2015.05.20-15.50.01:160][304]LogModuleManager: Shutting down and abandoning module DirectoryWatcher (93)
[2015.05.20-15.50.01:160][304]LogModuleManager: Shutting down and abandoning module HotReload (92)
[2015.05.20-15.50.01:160][304]LogModuleManager: Shutting down and abandoning module VisualStudioSourceCodeAccess (91)
[2015.05.20-15.50.01:160][304]LogModuleManager: Shutting down and abandoning module UObjectPlugin (90)
[2015.05.20-15.50.01:160][304]LogModuleManager: Shutting down and abandoning module SubversionSourceControl (89)
[2015.05.20-15.50.01:160][304]LogModuleManager: Shutting down and abandoning module PerforceSourceControl (88)
[2015.05.20-15.50.01:160][304]LogModuleManager: Shutting down and abandoning module SourceControl (87)
[2015.05.20-15.50.01:160][304]LogModuleManager: Shutting down and abandoning module GitSourceControl (86)
[2015.05.20-15.50.01:160][304]LogModuleManager: Shutting down and abandoning module BlankPlugin (85)
[2015.05.20-15.50.01:160][304]LogModuleManager: Shutting down and abandoning module PaperTiledImporter (84)
[2015.05.20-15.50.01:160][304]LogModuleManager: Shutting down and abandoning module PaperJsonImporter (83)
[2015.05.20-15.50.01:160][304]LogModuleManager: Shutting down and abandoning module ContentBrowser (82)
[2015.05.20-15.50.01:161][304]LogModuleManager: Shutting down and abandoning module Paper2DEditor (81)
[2015.05.20-15.50.01:161][304]LogModuleManager: Shutting down and abandoning module ScriptPlugin (80)
[2015.05.20-15.50.01:161][304]LogModuleManager: Shutting down and abandoning module UdpMessaging (79)
[2015.05.20-15.50.01:262][304]LogModuleManager: Shutting down and abandoning module Paper2D (78)
[2015.05.20-15.50.01:262][304]LogModuleManager: Shutting down and abandoning module WindowsMoviePlayer (77)
[2015.05.20-15.50.01:264][304]LogModuleManager: Shutting down and abandoning module Media (76)
[2015.05.20-15.50.01:264][304]LogModuleManager: Shutting down and abandoning module WmfMedia (75)
[2015.05.20-15.50.01:264][304]LogModuleManager: Shutting down and abandoning module OnlineBlueprintSupport (74)
[2015.05.20-15.50.01:264][304]LogModuleManager: Shutting down and abandoning module PropertyEditor (73)
[2015.05.20-15.50.01:264][304]LogModuleManager: Shutting down and abandoning module BehaviorTreeEditor (72)
[2015.05.20-15.50.01:264][304]LogModuleManager: Shutting down and abandoning module FunctionalTesting (71)
[2015.05.20-15.50.01:264][304]LogModuleManager: Shutting down and abandoning module CollisionAnalyzer (70)
[2015.05.20-15.50.01:264][304]LogModuleManager: Shutting down and abandoning module WorkspaceMenuStructure (69)
[2015.05.20-15.50.01:264][304]LogModuleManager: Shutting down and abandoning module MessageLog (68)
[2015.05.20-15.50.01:264][304]LogModuleManager: Shutting down and abandoning module Sequencer (67)
[2015.05.20-15.50.01:264][304]LogModuleManager: Shutting down and abandoning module AssetTools (66)
[2015.05.20-15.50.01:264][304]LogModuleManager: Shutting down and abandoning module UMGEditor (65)
[2015.05.20-15.50.01:265][304]LogModuleManager: Shutting down and abandoning module UMG (64)
[2015.05.20-15.50.01:265][304]LogModuleManager: Shutting down and abandoning module Slate (63)
[2015.05.20-15.50.01:265][304]LogModuleManager: Shutting down and abandoning module EditorStyle (62)
[2015.05.20-15.50.01:268][304]LogModuleManager: Shutting down and abandoning module SessionServices (61)
[2015.05.20-15.50.01:268][304]LogModuleManager: Shutting down and abandoning module SourceCodeAccess (60)
[2015.05.20-15.50.01:268][304]LogModuleManager: Shutting down and abandoning module HeadMountedDisplay (59)
[2015.05.20-15.50.01:268][304]LogModuleManager: Shutting down and abandoning module XAudio2 (58)
[2015.05.20-15.50.01:268][304]LogModuleManager: Shutting down and abandoning module Networking (56)
[2015.05.20-15.50.01:268][304]LogModuleManager: Shutting down and abandoning module Core (55)
[2015.05.20-15.50.01:268][304]LogModuleManager: Shutting down and abandoning module KismetCompiler (54)
[2015.05.20-15.50.01:268][304]LogModuleManager: Shutting down and abandoning module PhysXFormats (53)
[2015.05.20-15.50.01:268][304]LogModuleManager: Shutting down and abandoning module MeshUtilities (52)
[2015.05.20-15.50.01:268][304]LogModuleManager: Shutting down and abandoning module DerivedDataCache (51)
[2015.05.20-15.50.01:327][304]LogDerivedDataCache: Shutdown
[2015.05.20-15.50.01:327][304]LogModuleManager: Shutting down and abandoning module ShaderFormatOpenGL (50)
[2015.05.20-15.50.01:327][304]LogModuleManager: Shutting down and abandoning module ShaderFormatD3D (49)
[2015.05.20-15.50.01:327][304]LogModuleManager: Shutting down and abandoning module MetalShaderFormat (48)
[2015.05.20-15.50.01:327][304]LogModuleManager: Shutting down and abandoning module TextureFormatUncompressed (47)
[2015.05.20-15.50.01:327][304]LogModuleManager: Shutting down and abandoning module TextureFormatPVR (46)
[2015.05.20-15.50.01:327][304]LogModuleManager: Shutting down and abandoning module TextureFormatIntelISPCTexComp (45)
[2015.05.20-15.50.01:327][304]LogModuleManager: Shutting down and abandoning module TextureFormatDXT (44)
[2015.05.20-15.50.01:327][304]LogModuleManager: Shutting down and abandoning module ImageWrapper (43)
[2015.05.20-15.50.01:327][304]LogModuleManager: Shutting down and abandoning module TextureFormatASTC (42)
[2015.05.20-15.50.01:327][304]LogModuleManager: Shutting down and abandoning module TextureFormatAndroid (41)
[2015.05.20-15.50.01:327][304]LogModuleManager: Shutting down and abandoning module AudioFormatOpus (40)
[2015.05.20-15.50.01:327][304]LogModuleManager: Shutting down and abandoning module AudioFormatOgg (39)
[2015.05.20-15.50.01:327][304]LogModuleManager: Shutting down and abandoning module AudioFormatADPCM (38)
[2015.05.20-15.50.01:327][304]LogModuleManager: Shutting down and abandoning module LinuxTargetPlatform (37)
[2015.05.20-15.50.01:327][304]LogModuleManager: Shutting down and abandoning module LinuxServerTargetPlatform (36)
[2015.05.20-15.50.01:327][304]LogModuleManager: Shutting down and abandoning module LinuxNoEditorTargetPlatform (35)
[2015.05.20-15.50.01:327][304]LogModuleManager: Shutting down and abandoning module Messaging (34)
[2015.05.20-15.50.01:327][304]LogModuleManager: Shutting down and abandoning module IOSTargetPlatform (33)
[2015.05.20-15.50.01:327][304]LogModuleManager: Shutting down and abandoning module HTML5TargetPlatform (32)
[2015.05.20-15.50.01:327][304]LogModuleManager: Shutting down and abandoning module Android_PVRTCTargetPlatform (31)
[2015.05.20-15.50.01:327][304]LogModuleManager: Shutting down and abandoning module Android_ETC2TargetPlatform (30)
[2015.05.20-15.50.01:327][304]LogModuleManager: Shutting down and abandoning module Android_ETC1TargetPlatform (29)
[2015.05.20-15.50.01:327][304]LogModuleManager: Shutting down and abandoning module Android_ES31TargetPlatform (28)
[2015.05.20-15.50.01:327][304]LogModuleManager: Shutting down and abandoning module Android_DXTTargetPlatform (27)
[2015.05.20-15.50.01:327][304]LogModuleManager: Shutting down and abandoning module Android_ATCTargetPlatform (26)
[2015.05.20-15.50.01:327][304]LogModuleManager: Shutting down and abandoning module AndroidTargetPlatform (25)
[2015.05.20-15.50.01:327][304]LogModuleManager: Shutting down and abandoning module WindowsTargetPlatform (24)
[2015.05.20-15.50.01:327][304]LogModuleManager: Shutting down and abandoning module WindowsServerTargetPlatform (23)
[2015.05.20-15.50.01:327][304]LogModuleManager: Shutting down and abandoning module WindowsNoEditorTargetPlatform (22)
[2015.05.20-15.50.01:327][304]LogModuleManager: Shutting down and abandoning module WindowsClientTargetPlatform (21)
[2015.05.20-15.50.01:327][304]LogModuleManager: Shutting down and abandoning module TargetPlatform (20)
[2015.05.20-15.50.01:327][304]LogModuleManager: Shutting down and abandoning module InputCore (19)
[2015.05.20-15.50.01:327][304]LogModuleManager: Shutting down and abandoning module Settings (18)
[2015.05.20-15.50.01:327][304]LogModuleManager: Shutting down and abandoning module OnlineSubsystem (16)
[2015.05.20-15.50.01:327][304]LogModuleManager: Shutting down and abandoning module OculusRift (15)
[2015.05.20-15.50.01:327][304]LogModuleManager: Shutting down and abandoning module ExampleDeviceProfileSelector (14)
[2015.05.20-15.50.01:327][304]LogModuleManager: Shutting down and abandoning module TextureCompressor (13)
[2015.05.20-15.50.01:327][304]LogModuleManager: Shutting down and abandoning module ShaderCore (12)
[2015.05.20-15.50.01:327][304]LogModuleManager: Shutting down and abandoning module Landscape (11)
[2015.05.20-15.50.01:327][304]LogModuleManager: Shutting down and abandoning module SlateRHIRenderer (10)
[2015.05.20-15.50.01:330][304]LogModuleManager: Shutting down and abandoning module OpenGLDrv (9)
[2015.05.20-15.50.01:330][304]LogModuleManager: Shutting down and abandoning module D3D11RHI (8)
[2015.05.20-15.50.01:330][304]LogModuleManager: Shutting down and abandoning module Renderer (7)
[2015.05.20-15.50.01:330][304]LogModuleManager: Shutting down and abandoning module Engine (6)
[2015.05.20-15.50.01:330][304]LogModuleManager: Shutting down and abandoning module CoreUObject (5)
[2015.05.20-15.50.01:330][304]LogModuleManager: Shutting down and abandoning module NetworkFile (4)
[2015.05.20-15.50.01:330][304]LogModuleManager: Shutting down and abandoning module StreamingFile (3)
[2015.05.20-15.50.01:330][304]LogModuleManager: Shutting down and abandoning module SandboxFile (2)
[2015.05.20-15.50.01:330][304]LogModuleManager: Shutting down and abandoning module PakFile (1)
[2015.05.20-15.50.01:330][304]LogExit: Exiting.
[2015.05.20-15.50.01:335][304]Log file closed, 05/20/15 11:50:01
